{"obj": {"type": "AssignString", "path": ["sys", "name"], "value": "Untitled"}, "version": 1}
{"obj": {"type": "AssignString", "path": ["sys", "description"], "value": ""}, "version": 2}
{"obj": {"type": "AssignString", "path": ["monitoring", "bc04ac33", "hostname"], "value": "hicham-AERO-5-KE"}, "version": 3}
{"obj": {"type": "AssignString", "path": ["sys", "hostname"], "value": "hicham-AERO-5-KE"}, "version": 4}
{"obj": {"type": "AssignString", "path": ["monitoring", "bc04ac33", "pid"], "value": "383259"}, "version": 5}
{"obj": {"type": "AssignString", "path": ["monitoring", "bc04ac33", "tid"], "value": "140451241648128"}, "version": 6}
{"obj": {"type": "AssignBool", "path": ["sys", "failed"], "value": false}, "version": 7}
{"obj": {"type": "ConfigFloatSeries", "path": ["monitoring", "bc04ac33", "cpu"], "min": 0.0, "max": 100.0, "unit": "%"}, "version": 8}
{"obj": {"type": "ClearFloatLog", "path": ["monitoring", "bc04ac33", "cpu"]}, "version": 9}
{"obj": {"type": "ConfigFloatSeries", "path": ["monitoring", "bc04ac33", "memory"], "min": 0.0, "max": 15.355945587158203, "unit": "GB"}, "version": 10}
{"obj": {"type": "ClearFloatLog", "path": ["monitoring", "bc04ac33", "memory"]}, "version": 11}
{"obj": {"type": "ConfigFloatSeries", "path": ["monitoring", "bc04ac33", "gpu"], "min": 0.0, "max": 100.0, "unit": "%"}, "version": 12}
{"obj": {"type": "ClearFloatLog", "path": ["monitoring", "bc04ac33", "gpu"]}, "version": 13}
{"obj": {"type": "ConfigFloatSeries", "path": ["monitoring", "bc04ac33", "gpu_memory"], "min": 0.0, "max": 6.0, "unit": "GB"}, "version": 14}
{"obj": {"type": "ClearFloatLog", "path": ["monitoring", "bc04ac33", "gpu_memory"]}, "version": 15}
{"obj": {"type": "LogFloats", "path": ["monitoring", "bc04ac33", "cpu"], "values": [{"value": 21.8, "step": null, "ts": 1687794203.4243393}]}, "version": 16}
{"obj": {"type": "LogFloats", "path": ["monitoring", "bc04ac33", "memory"], "values": [{"value": 6.401725769042969, "step": null, "ts": 1687794203.4243393}]}, "version": 17}
{"obj": {"type": "LogFloats", "path": ["monitoring", "bc04ac33", "gpu"], "values": [{"value": 37.0, "step": null, "ts": 1687794203.4243393}]}, "version": 18}
{"obj": {"type": "LogFloats", "path": ["monitoring", "bc04ac33", "gpu_memory"], "values": [{"value": 1.72650146484375, "step": null, "ts": 1687794203.4243393}]}, "version": 19}
{"obj": {"type": "LogFloats", "path": ["monitoring", "bc04ac33", "cpu"], "values": [{"value": 4.1, "step": null, "ts": 1687794213.4282267}]}, "version": 20}
{"obj": {"type": "LogFloats", "path": ["monitoring", "bc04ac33", "memory"], "values": [{"value": 6.353416442871094, "step": null, "ts": 1687794213.4282267}]}, "version": 21}
{"obj": {"type": "LogFloats", "path": ["monitoring", "bc04ac33", "gpu"], "values": [{"value": 22.0, "step": null, "ts": 1687794213.4282267}]}, "version": 22}
{"obj": {"type": "LogFloats", "path": ["monitoring", "bc04ac33", "gpu_memory"], "values": [{"value": 1.676513671875, "step": null, "ts": 1687794213.4282267}]}, "version": 23}
{"obj": {"type": "LogFloats", "path": ["monitoring", "bc04ac33", "cpu"], "values": [{"value": 2.9, "step": null, "ts": 1687794223.430341}]}, "version": 24}
{"obj": {"type": "LogFloats", "path": ["monitoring", "bc04ac33", "memory"], "values": [{"value": 6.343486785888672, "step": null, "ts": 1687794223.430341}]}, "version": 25}
{"obj": {"type": "LogFloats", "path": ["monitoring", "bc04ac33", "gpu"], "values": [{"value": 19.0, "step": null, "ts": 1687794223.430341}]}, "version": 26}
{"obj": {"type": "LogFloats", "path": ["monitoring", "bc04ac33", "gpu_memory"], "values": [{"value": 1.59429931640625, "step": null, "ts": 1687794223.430341}]}, "version": 27}
{"obj": {"type": "AssignString", "path": ["source_code", "integrations", "neptune-optuna"], "value": "1.1.0"}, "version": 28}
{"obj": {"type": "LogFloats", "path": ["monitoring", "bc04ac33", "cpu"], "values": [{"value": 4.3, "step": null, "ts": 1687794233.4329777}]}, "version": 29}
{"obj": {"type": "LogFloats", "path": ["monitoring", "bc04ac33", "memory"], "values": [{"value": 6.384796142578125, "step": null, "ts": 1687794233.4329777}]}, "version": 30}
{"obj": {"type": "LogFloats", "path": ["monitoring", "bc04ac33", "gpu"], "values": [{"value": 33.0, "step": null, "ts": 1687794233.4329777}]}, "version": 31}
{"obj": {"type": "LogFloats", "path": ["monitoring", "bc04ac33", "gpu_memory"], "values": [{"value": 1.64849853515625, "step": null, "ts": 1687794233.4329777}]}, "version": 32}
{"obj": {"type": "LogFloats", "path": ["monitoring", "bc04ac33", "cpu"], "values": [{"value": 4.6, "step": null, "ts": 1687794243.434884}]}, "version": 33}
{"obj": {"type": "LogFloats", "path": ["monitoring", "bc04ac33", "memory"], "values": [{"value": 6.399738311767578, "step": null, "ts": 1687794243.434884}]}, "version": 34}
{"obj": {"type": "LogFloats", "path": ["monitoring", "bc04ac33", "gpu"], "values": [{"value": 22.0, "step": null, "ts": 1687794243.434884}]}, "version": 35}
{"obj": {"type": "LogFloats", "path": ["monitoring", "bc04ac33", "gpu_memory"], "values": [{"value": 1.68231201171875, "step": null, "ts": 1687794243.434884}]}, "version": 36}
{"obj": {"type": "AssignDatetime", "path": ["trials", "trials", "4", "datetime_start"], "value": 1687794245591}, "version": 37}
{"obj": {"type": "AssignDatetime", "path": ["trials", "trials", "4", "datetime_complete"], "value": 1687794249772}, "version": 38}
{"obj": {"type": "AssignString", "path": ["trials", "trials", "4", "duration"], "value": "0:00:04.180902"}, "version": 39}
{"obj": {"type": "AssignString", "path": ["trials", "trials", "4", "distributions", "max_depth"], "value": "IntDistribution(high=20, log=False, low=10, step=1)"}, "version": 40}
{"obj": {"type": "AssignString", "path": ["trials", "trials", "4", "distributions", "max_samples"], "value": "FloatDistribution(high=1.0, log=False, low=0.2, step=None)"}, "version": 41}
{"obj": {"type": "AssignString", "path": ["trials", "trials", "4", "distributions", "n_estimators"], "value": "IntDistribution(high=100, log=False, low=50, step=1)"}, "version": 42}
{"obj": {"type": "AssignInt", "path": ["trials", "trials", "4", "params", "max_depth"], "value": 11}, "version": 43}
{"obj": {"type": "AssignFloat", "path": ["trials", "trials", "4", "params", "max_samples"], "value": 0.689290878340846}, "version": 44}
{"obj": {"type": "AssignInt", "path": ["trials", "trials", "4", "params", "n_estimators"], "value": 54}, "version": 45}
{"obj": {"type": "AssignFloat", "path": ["trials", "trials", "4", "value"], "value": 5.976663420953909}, "version": 46}
{"obj": {"type": "LogFloats", "path": ["monitoring", "bc04ac33", "cpu"], "values": [{"value": 9.0, "step": null, "ts": 1687794253.4369829}]}, "version": 47}
{"obj": {"type": "LogFloats", "path": ["monitoring", "bc04ac33", "memory"], "values": [{"value": 6.437530517578125, "step": null, "ts": 1687794253.4369829}]}, "version": 48}
{"obj": {"type": "LogFloats", "path": ["monitoring", "bc04ac33", "gpu"], "values": [{"value": 33.0, "step": null, "ts": 1687794253.4369829}]}, "version": 49}
{"obj": {"type": "LogFloats", "path": ["monitoring", "bc04ac33", "gpu_memory"], "values": [{"value": 1.66876220703125, "step": null, "ts": 1687794253.4369829}]}, "version": 50}
{"obj": {"type": "LogFloats", "path": ["monitoring", "bc04ac33", "cpu"], "values": [{"value": 3.3, "step": null, "ts": 1687794263.4398768}]}, "version": 51}
{"obj": {"type": "LogFloats", "path": ["monitoring", "bc04ac33", "memory"], "values": [{"value": 6.38330078125, "step": null, "ts": 1687794263.4398768}]}, "version": 52}
{"obj": {"type": "LogFloats", "path": ["monitoring", "bc04ac33", "gpu_memory"], "values": [{"value": 1.47906494140625, "step": null, "ts": 1687794263.4398768}]}, "version": 53}
{"obj": {"type": "LogFloats", "path": ["monitoring", "bc04ac33", "cpu"], "values": [{"value": 5.7, "step": null, "ts": 1687794273.4417968}]}, "version": 54}
{"obj": {"type": "LogFloats", "path": ["monitoring", "bc04ac33", "memory"], "values": [{"value": 6.1945037841796875, "step": null, "ts": 1687794273.4417968}]}, "version": 55}
{"obj": {"type": "LogFloats", "path": ["monitoring", "bc04ac33", "gpu"], "values": [{"value": 23.0, "step": null, "ts": 1687794273.4417968}]}, "version": 56}
{"obj": {"type": "LogFloats", "path": ["monitoring", "bc04ac33", "gpu_memory"], "values": [{"value": 1.4908447265625, "step": null, "ts": 1687794273.4417968}]}, "version": 57}
{"obj": {"type": "LogFloats", "path": ["monitoring", "bc04ac33", "cpu"], "values": [{"value": 5.7, "step": null, "ts": 1687794283.442958}]}, "version": 58}
{"obj": {"type": "LogFloats", "path": ["monitoring", "bc04ac33", "memory"], "values": [{"value": 6.276317596435547, "step": null, "ts": 1687794283.442958}]}, "version": 59}
{"obj": {"type": "LogFloats", "path": ["monitoring", "bc04ac33", "gpu"], "values": [{"value": 43.0, "step": null, "ts": 1687794283.442958}]}, "version": 60}
{"obj": {"type": "LogFloats", "path": ["monitoring", "bc04ac33", "gpu_memory"], "values": [{"value": 1.4908447265625, "step": null, "ts": 1687794283.442958}]}, "version": 61}
{"obj": {"type": "LogFloats", "path": ["monitoring", "bc04ac33", "cpu"], "values": [{"value": 6.3, "step": null, "ts": 1687794293.4445164}]}, "version": 62}
{"obj": {"type": "LogFloats", "path": ["monitoring", "bc04ac33", "memory"], "values": [{"value": 6.5090179443359375, "step": null, "ts": 1687794293.4445164}]}, "version": 63}
{"obj": {"type": "LogFloats", "path": ["monitoring", "bc04ac33", "gpu"], "values": [{"value": 36.0, "step": null, "ts": 1687794293.4445164}]}, "version": 64}
{"obj": {"type": "LogFloats", "path": ["monitoring", "bc04ac33", "gpu_memory"], "values": [{"value": 1.48260498046875, "step": null, "ts": 1687794293.4445164}]}, "version": 65}
{"obj": {"type": "LogFloats", "path": ["monitoring", "bc04ac33", "cpu"], "values": [{"value": 5.2, "step": null, "ts": 1687794303.4471579}]}, "version": 66}
{"obj": {"type": "LogFloats", "path": ["monitoring", "bc04ac33", "memory"], "values": [{"value": 6.467315673828125, "step": null, "ts": 1687794303.4471579}]}, "version": 67}
{"obj": {"type": "LogFloats", "path": ["monitoring", "bc04ac33", "gpu"], "values": [{"value": 11.0, "step": null, "ts": 1687794303.4471579}]}, "version": 68}
{"obj": {"type": "LogFloats", "path": ["monitoring", "bc04ac33", "gpu_memory"], "values": [{"value": 1.5404052734375, "step": null, "ts": 1687794303.4471579}]}, "version": 69}
{"obj": {"type": "LogFloats", "path": ["monitoring", "bc04ac33", "cpu"], "values": [{"value": 4.9, "step": null, "ts": 1687794313.450146}]}, "version": 70}
{"obj": {"type": "LogFloats", "path": ["monitoring", "bc04ac33", "memory"], "values": [{"value": 6.5051116943359375, "step": null, "ts": 1687794313.450146}]}, "version": 71}
{"obj": {"type": "LogFloats", "path": ["monitoring", "bc04ac33", "gpu"], "values": [{"value": 6.0, "step": null, "ts": 1687794313.450146}]}, "version": 72}
{"obj": {"type": "LogFloats", "path": ["monitoring", "bc04ac33", "gpu_memory"], "values": [{"value": 1.46466064453125, "step": null, "ts": 1687794313.450146}]}, "version": 73}
{"obj": {"type": "LogFloats", "path": ["monitoring", "bc04ac33", "cpu"], "values": [{"value": 5.7, "step": null, "ts": 1687794323.4520917}]}, "version": 74}
{"obj": {"type": "LogFloats", "path": ["monitoring", "bc04ac33", "memory"], "values": [{"value": 6.503368377685547, "step": null, "ts": 1687794323.4520917}]}, "version": 75}
{"obj": {"type": "LogFloats", "path": ["monitoring", "bc04ac33", "gpu"], "values": [{"value": 79.0, "step": null, "ts": 1687794323.4520917}]}, "version": 76}
{"obj": {"type": "LogFloats", "path": ["monitoring", "bc04ac33", "gpu_memory"], "values": [{"value": 1.55059814453125, "step": null, "ts": 1687794323.4520917}]}, "version": 77}
{"obj": {"type": "LogFloats", "path": ["monitoring", "bc04ac33", "cpu"], "values": [{"value": 5.4, "step": null, "ts": 1687794333.4550686}]}, "version": 78}
{"obj": {"type": "LogFloats", "path": ["monitoring", "bc04ac33", "memory"], "values": [{"value": 6.471061706542969, "step": null, "ts": 1687794333.4550686}]}, "version": 79}
{"obj": {"type": "LogFloats", "path": ["monitoring", "bc04ac33", "gpu"], "values": [{"value": 24.0, "step": null, "ts": 1687794333.4550686}]}, "version": 80}
{"obj": {"type": "LogFloats", "path": ["monitoring", "bc04ac33", "gpu_memory"], "values": [{"value": 1.46466064453125, "step": null, "ts": 1687794333.4550686}]}, "version": 81}
{"obj": {"type": "LogFloats", "path": ["monitoring", "bc04ac33", "cpu"], "values": [{"value": 5.5, "step": null, "ts": 1687794343.4563384}]}, "version": 82}
{"obj": {"type": "LogFloats", "path": ["monitoring", "bc04ac33", "memory"], "values": [{"value": 6.461872100830078, "step": null, "ts": 1687794343.4563384}]}, "version": 83}
{"obj": {"type": "LogFloats", "path": ["monitoring", "bc04ac33", "gpu"], "values": [{"value": 34.0, "step": null, "ts": 1687794343.4563384}]}, "version": 84}
{"obj": {"type": "LogFloats", "path": ["monitoring", "bc04ac33", "gpu_memory"], "values": [{"value": 1.55255126953125, "step": null, "ts": 1687794343.4563384}]}, "version": 85}
{"obj": {"type": "LogFloats", "path": ["monitoring", "bc04ac33", "cpu"], "values": [{"value": 3.8, "step": null, "ts": 1687794353.4582074}]}, "version": 86}
{"obj": {"type": "LogFloats", "path": ["monitoring", "bc04ac33", "memory"], "values": [{"value": 6.433147430419922, "step": null, "ts": 1687794353.4582074}]}, "version": 87}
{"obj": {"type": "LogFloats", "path": ["monitoring", "bc04ac33", "gpu"], "values": [{"value": 10.0, "step": null, "ts": 1687794353.4582074}]}, "version": 88}
{"obj": {"type": "LogFloats", "path": ["monitoring", "bc04ac33", "gpu_memory"], "values": [{"value": 1.47613525390625, "step": null, "ts": 1687794353.4582074}]}, "version": 89}
{"obj": {"type": "LogFloats", "path": ["monitoring", "bc04ac33", "cpu"], "values": [{"value": 4.8, "step": null, "ts": 1687794363.4593267}]}, "version": 90}
{"obj": {"type": "LogFloats", "path": ["monitoring", "bc04ac33", "memory"], "values": [{"value": 6.502861022949219, "step": null, "ts": 1687794363.4593267}]}, "version": 91}
{"obj": {"type": "LogFloats", "path": ["monitoring", "bc04ac33", "gpu"], "values": [{"value": 12.0, "step": null, "ts": 1687794363.4593267}]}, "version": 92}
{"obj": {"type": "LogFloats", "path": ["monitoring", "bc04ac33", "gpu_memory"], "values": [{"value": 1.49786376953125, "step": null, "ts": 1687794363.4593267}]}, "version": 93}
{"obj": {"type": "LogFloats", "path": ["monitoring", "bc04ac33", "cpu"], "values": [{"value": 5.9, "step": null, "ts": 1687794373.4607985}]}, "version": 94}
{"obj": {"type": "LogFloats", "path": ["monitoring", "bc04ac33", "memory"], "values": [{"value": 6.506565093994141, "step": null, "ts": 1687794373.4607985}]}, "version": 95}
{"obj": {"type": "LogFloats", "path": ["monitoring", "bc04ac33", "gpu"], "values": [{"value": 24.0, "step": null, "ts": 1687794373.4607985}]}, "version": 96}
{"obj": {"type": "LogFloats", "path": ["monitoring", "bc04ac33", "gpu_memory"], "values": [{"value": 1.51153564453125, "step": null, "ts": 1687794373.4607985}]}, "version": 97}
{"obj": {"type": "LogFloats", "path": ["monitoring", "bc04ac33", "cpu"], "values": [{"value": 5.9, "step": null, "ts": 1687794383.462407}]}, "version": 98}
{"obj": {"type": "LogFloats", "path": ["monitoring", "bc04ac33", "memory"], "values": [{"value": 6.388927459716797, "step": null, "ts": 1687794383.462407}]}, "version": 99}
{"obj": {"type": "LogFloats", "path": ["monitoring", "bc04ac33", "gpu"], "values": [{"value": 21.0, "step": null, "ts": 1687794383.462407}]}, "version": 100}
{"obj": {"type": "LogFloats", "path": ["monitoring", "bc04ac33", "gpu_memory"], "values": [{"value": 1.51605224609375, "step": null, "ts": 1687794383.462407}]}, "version": 101}
{"obj": {"type": "LogFloats", "path": ["monitoring", "bc04ac33", "cpu"], "values": [{"value": 6.1, "step": null, "ts": 1687794393.4643686}]}, "version": 102}
{"obj": {"type": "LogFloats", "path": ["monitoring", "bc04ac33", "memory"], "values": [{"value": 6.266387939453125, "step": null, "ts": 1687794393.4643686}]}, "version": 103}
{"obj": {"type": "LogFloats", "path": ["monitoring", "bc04ac33", "gpu"], "values": [{"value": 27.0, "step": null, "ts": 1687794393.4643686}]}, "version": 104}
{"obj": {"type": "LogFloats", "path": ["monitoring", "bc04ac33", "gpu_memory"], "values": [{"value": 1.6361083984375, "step": null, "ts": 1687794393.4643686}]}, "version": 105}
{"obj": {"type": "LogFloats", "path": ["monitoring", "bc04ac33", "cpu"], "values": [{"value": 5.7, "step": null, "ts": 1687794403.465528}]}, "version": 106}
{"obj": {"type": "LogFloats", "path": ["monitoring", "bc04ac33", "memory"], "values": [{"value": 6.271942138671875, "step": null, "ts": 1687794403.465528}]}, "version": 107}
{"obj": {"type": "LogFloats", "path": ["monitoring", "bc04ac33", "gpu_memory"], "values": [{"value": 1.47198486328125, "step": null, "ts": 1687794403.465528}]}, "version": 108}
{"obj": {"type": "LogFloats", "path": ["monitoring", "bc04ac33", "cpu"], "values": [{"value": 5.8, "step": null, "ts": 1687794413.467333}]}, "version": 109}
{"obj": {"type": "LogFloats", "path": ["monitoring", "bc04ac33", "memory"], "values": [{"value": 6.300895690917969, "step": null, "ts": 1687794413.467333}]}, "version": 110}
{"obj": {"type": "LogFloats", "path": ["monitoring", "bc04ac33", "gpu"], "values": [{"value": 14.0, "step": null, "ts": 1687794413.467333}]}, "version": 111}
{"obj": {"type": "LogFloats", "path": ["monitoring", "bc04ac33", "gpu_memory"], "values": [{"value": 1.5450439453125, "step": null, "ts": 1687794413.467333}]}, "version": 112}
{"obj": {"type": "LogFloats", "path": ["monitoring", "bc04ac33", "cpu"], "values": [{"value": 5.6, "step": null, "ts": 1687794423.468654}]}, "version": 113}
{"obj": {"type": "LogFloats", "path": ["monitoring", "bc04ac33", "memory"], "values": [{"value": 6.273159027099609, "step": null, "ts": 1687794423.468654}]}, "version": 114}
{"obj": {"type": "LogFloats", "path": ["monitoring", "bc04ac33", "gpu"], "values": [{"value": 3.0, "step": null, "ts": 1687794423.468654}]}, "version": 115}
{"obj": {"type": "LogFloats", "path": ["monitoring", "bc04ac33", "gpu_memory"], "values": [{"value": 1.63409423828125, "step": null, "ts": 1687794423.468654}]}, "version": 116}
{"obj": {"type": "LogFloats", "path": ["monitoring", "bc04ac33", "cpu"], "values": [{"value": 3.4, "step": null, "ts": 1687794433.4717517}]}, "version": 117}
{"obj": {"type": "LogFloats", "path": ["monitoring", "bc04ac33", "memory"], "values": [{"value": 6.084423065185547, "step": null, "ts": 1687794433.4717517}]}, "version": 118}
{"obj": {"type": "LogFloats", "path": ["monitoring", "bc04ac33", "gpu"], "values": [{"value": 2.0, "step": null, "ts": 1687794433.4717517}]}, "version": 119}
{"obj": {"type": "LogFloats", "path": ["monitoring", "bc04ac33", "gpu_memory"], "values": [{"value": 1.44073486328125, "step": null, "ts": 1687794433.4717517}]}, "version": 120}
{"obj": {"type": "LogFloats", "path": ["monitoring", "bc04ac33", "cpu"], "values": [{"value": 3.6, "step": null, "ts": 1687794443.4737847}]}, "version": 121}
{"obj": {"type": "LogFloats", "path": ["monitoring", "bc04ac33", "memory"], "values": [{"value": 6.12945556640625, "step": null, "ts": 1687794443.4737847}]}, "version": 122}
{"obj": {"type": "LogFloats", "path": ["monitoring", "bc04ac33", "gpu"], "values": [{"value": 14.0, "step": null, "ts": 1687794443.4737847}]}, "version": 123}
{"obj": {"type": "LogFloats", "path": ["monitoring", "bc04ac33", "gpu_memory"], "values": [{"value": 1.44842529296875, "step": null, "ts": 1687794443.4737847}]}, "version": 124}
{"obj": {"type": "LogFloats", "path": ["monitoring", "bc04ac33", "cpu"], "values": [{"value": 2.8, "step": null, "ts": 1687794453.4760413}]}, "version": 125}
{"obj": {"type": "LogFloats", "path": ["monitoring", "bc04ac33", "memory"], "values": [{"value": 6.089763641357422, "step": null, "ts": 1687794453.4760413}]}, "version": 126}
{"obj": {"type": "LogFloats", "path": ["monitoring", "bc04ac33", "gpu_memory"], "values": [{"value": 1.64410400390625, "step": null, "ts": 1687794453.4760413}]}, "version": 127}
{"obj": {"type": "LogFloats", "path": ["monitoring", "bc04ac33", "cpu"], "values": [{"value": 1.7, "step": null, "ts": 1687794463.4782486}]}, "version": 128}
{"obj": {"type": "LogFloats", "path": ["monitoring", "bc04ac33", "memory"], "values": [{"value": 6.074546813964844, "step": null, "ts": 1687794463.4782486}]}, "version": 129}
{"obj": {"type": "LogFloats", "path": ["monitoring", "bc04ac33", "gpu"], "values": [{"value": 16.0, "step": null, "ts": 1687794463.4782486}]}, "version": 130}
{"obj": {"type": "LogFloats", "path": ["monitoring", "bc04ac33", "gpu_memory"], "values": [{"value": 1.62615966796875, "step": null, "ts": 1687794463.4782486}]}, "version": 131}
{"obj": {"type": "LogFloats", "path": ["monitoring", "bc04ac33", "cpu"], "values": [{"value": 4.0, "step": null, "ts": 1687794473.574061}]}, "version": 132}
{"obj": {"type": "LogFloats", "path": ["monitoring", "bc04ac33", "memory"], "values": [{"value": 6.159503936767578, "step": null, "ts": 1687794473.574061}]}, "version": 133}
{"obj": {"type": "LogFloats", "path": ["monitoring", "bc04ac33", "gpu_memory"], "values": [{"value": 1.499267578125, "step": null, "ts": 1687794473.574061}]}, "version": 134}
{"obj": {"type": "LogFloats", "path": ["monitoring", "bc04ac33", "cpu"], "values": [{"value": 5.8, "step": null, "ts": 1687794483.5755198}]}, "version": 135}
{"obj": {"type": "LogFloats", "path": ["monitoring", "bc04ac33", "memory"], "values": [{"value": 6.173252105712891, "step": null, "ts": 1687794483.5755198}]}, "version": 136}
{"obj": {"type": "LogFloats", "path": ["monitoring", "bc04ac33", "gpu"], "values": [{"value": 16.0, "step": null, "ts": 1687794483.5755198}]}, "version": 137}
{"obj": {"type": "LogFloats", "path": ["monitoring", "bc04ac33", "gpu_memory"], "values": [{"value": 1.48724365234375, "step": null, "ts": 1687794483.5755198}]}, "version": 138}
{"obj": {"type": "LogFloats", "path": ["monitoring", "bc04ac33", "cpu"], "values": [{"value": 5.8, "step": null, "ts": 1687794493.5772905}]}, "version": 139}
{"obj": {"type": "LogFloats", "path": ["monitoring", "bc04ac33", "memory"], "values": [{"value": 6.188121795654297, "step": null, "ts": 1687794493.5772905}]}, "version": 140}
{"obj": {"type": "LogFloats", "path": ["monitoring", "bc04ac33", "gpu_memory"], "values": [{"value": 1.48724365234375, "step": null, "ts": 1687794493.5772905}]}, "version": 141}
{"obj": {"type": "LogFloats", "path": ["monitoring", "bc04ac33", "cpu"], "values": [{"value": 5.6, "step": null, "ts": 1687794503.579075}]}, "version": 142}
{"obj": {"type": "LogFloats", "path": ["monitoring", "bc04ac33", "memory"], "values": [{"value": 6.226280212402344, "step": null, "ts": 1687794503.579075}]}, "version": 143}
{"obj": {"type": "LogFloats", "path": ["monitoring", "bc04ac33", "gpu"], "values": [{"value": 19.0, "step": null, "ts": 1687794503.579075}]}, "version": 144}
{"obj": {"type": "LogFloats", "path": ["monitoring", "bc04ac33", "gpu_memory"], "values": [{"value": 1.48724365234375, "step": null, "ts": 1687794503.579075}]}, "version": 145}
{"obj": {"type": "LogFloats", "path": ["monitoring", "bc04ac33", "cpu"], "values": [{"value": 5.9, "step": null, "ts": 1687794513.613982}]}, "version": 146}
{"obj": {"type": "LogFloats", "path": ["monitoring", "bc04ac33", "memory"], "values": [{"value": 6.229835510253906, "step": null, "ts": 1687794513.613982}]}, "version": 147}
{"obj": {"type": "LogFloats", "path": ["monitoring", "bc04ac33", "gpu"], "values": [{"value": 12.0, "step": null, "ts": 1687794513.613982}]}, "version": 148}
{"obj": {"type": "LogFloats", "path": ["monitoring", "bc04ac33", "gpu_memory"], "values": [{"value": 1.48724365234375, "step": null, "ts": 1687794513.613982}]}, "version": 149}
{"obj": {"type": "LogFloats", "path": ["monitoring", "bc04ac33", "cpu"], "values": [{"value": 4.8, "step": null, "ts": 1687794523.767991}]}, "version": 150}
{"obj": {"type": "LogFloats", "path": ["monitoring", "bc04ac33", "memory"], "values": [{"value": 6.204257965087891, "step": null, "ts": 1687794523.767991}]}, "version": 151}
{"obj": {"type": "LogFloats", "path": ["monitoring", "bc04ac33", "gpu"], "values": [{"value": 40.0, "step": null, "ts": 1687794523.767991}]}, "version": 152}
{"obj": {"type": "LogFloats", "path": ["monitoring", "bc04ac33", "gpu_memory"], "values": [{"value": 1.47235107421875, "step": null, "ts": 1687794523.767991}]}, "version": 153}
{"obj": {"type": "LogFloats", "path": ["monitoring", "bc04ac33", "cpu"], "values": [{"value": 2.8, "step": null, "ts": 1687794533.7702804}]}, "version": 154}
{"obj": {"type": "LogFloats", "path": ["monitoring", "bc04ac33", "memory"], "values": [{"value": 6.2410430908203125, "step": null, "ts": 1687794533.7702804}]}, "version": 155}
{"obj": {"type": "LogFloats", "path": ["monitoring", "bc04ac33", "gpu"], "values": [{"value": 18.0, "step": null, "ts": 1687794533.7702804}]}, "version": 156}
{"obj": {"type": "LogFloats", "path": ["monitoring", "bc04ac33", "gpu_memory"], "values": [{"value": 1.49151611328125, "step": null, "ts": 1687794533.7702804}]}, "version": 157}
{"obj": {"type": "LogFloats", "path": ["monitoring", "bc04ac33", "cpu"], "values": [{"value": 4.1, "step": null, "ts": 1687794543.7717607}]}, "version": 158}
{"obj": {"type": "LogFloats", "path": ["monitoring", "bc04ac33", "memory"], "values": [{"value": 6.237850189208984, "step": null, "ts": 1687794543.7717607}]}, "version": 159}
{"obj": {"type": "LogFloats", "path": ["monitoring", "bc04ac33", "gpu"], "values": [{"value": 22.0, "step": null, "ts": 1687794543.7717607}]}, "version": 160}
{"obj": {"type": "LogFloats", "path": ["monitoring", "bc04ac33", "gpu_memory"], "values": [{"value": 1.46661376953125, "step": null, "ts": 1687794543.7717607}]}, "version": 161}
{"obj": {"type": "LogFloats", "path": ["monitoring", "bc04ac33", "cpu"], "values": [{"value": 2.5, "step": null, "ts": 1687794553.7792878}]}, "version": 162}
{"obj": {"type": "LogFloats", "path": ["monitoring", "bc04ac33", "memory"], "values": [{"value": 6.193206787109375, "step": null, "ts": 1687794553.7792878}]}, "version": 163}
{"obj": {"type": "LogFloats", "path": ["monitoring", "bc04ac33", "gpu_memory"], "values": [{"value": 1.48651123046875, "step": null, "ts": 1687794553.7792878}]}, "version": 164}
{"obj": {"type": "LogFloats", "path": ["monitoring", "bc04ac33", "cpu"], "values": [{"value": 2.7, "step": null, "ts": 1687794563.7820816}]}, "version": 165}
{"obj": {"type": "LogFloats", "path": ["monitoring", "bc04ac33", "memory"], "values": [{"value": 6.232490539550781, "step": null, "ts": 1687794563.7820816}]}, "version": 166}
{"obj": {"type": "LogFloats", "path": ["monitoring", "bc04ac33", "gpu"], "values": [{"value": 23.0, "step": null, "ts": 1687794563.7820816}]}, "version": 167}
{"obj": {"type": "LogFloats", "path": ["monitoring", "bc04ac33", "gpu_memory"], "values": [{"value": 1.588134765625, "step": null, "ts": 1687794563.7820816}]}, "version": 168}
{"obj": {"type": "LogFloats", "path": ["monitoring", "bc04ac33", "cpu"], "values": [{"value": 2.6, "step": null, "ts": 1687794573.7842941}]}, "version": 169}
{"obj": {"type": "LogFloats", "path": ["monitoring", "bc04ac33", "memory"], "values": [{"value": 6.237659454345703, "step": null, "ts": 1687794573.7842941}]}, "version": 170}
{"obj": {"type": "LogFloats", "path": ["monitoring", "bc04ac33", "gpu"], "values": [{"value": 1.0, "step": null, "ts": 1687794573.7842941}]}, "version": 171}
{"obj": {"type": "LogFloats", "path": ["monitoring", "bc04ac33", "gpu_memory"], "values": [{"value": 1.57501220703125, "step": null, "ts": 1687794573.7842941}]}, "version": 172}
{"obj": {"type": "LogFloats", "path": ["monitoring", "bc04ac33", "cpu"], "values": [{"value": 1.5, "step": null, "ts": 1687794583.786915}]}, "version": 173}
{"obj": {"type": "LogFloats", "path": ["monitoring", "bc04ac33", "memory"], "values": [{"value": 6.2269287109375, "step": null, "ts": 1687794583.786915}]}, "version": 174}
{"obj": {"type": "LogFloats", "path": ["monitoring", "bc04ac33", "gpu"], "values": [{"value": 16.0, "step": null, "ts": 1687794583.786915}]}, "version": 175}
{"obj": {"type": "LogFloats", "path": ["monitoring", "bc04ac33", "gpu_memory"], "values": [{"value": 1.51409912109375, "step": null, "ts": 1687794583.786915}]}, "version": 176}
{"obj": {"type": "LogFloats", "path": ["monitoring", "bc04ac33", "cpu"], "values": [{"value": 1.6, "step": null, "ts": 1687794593.789362}]}, "version": 177}
{"obj": {"type": "LogFloats", "path": ["monitoring", "bc04ac33", "memory"], "values": [{"value": 6.219264984130859, "step": null, "ts": 1687794593.789362}]}, "version": 178}
{"obj": {"type": "LogFloats", "path": ["monitoring", "bc04ac33", "gpu"], "values": [{"value": 19.0, "step": null, "ts": 1687794593.789362}]}, "version": 179}
{"obj": {"type": "LogFloats", "path": ["monitoring", "bc04ac33", "gpu_memory"], "values": [{"value": 1.56707763671875, "step": null, "ts": 1687794593.789362}]}, "version": 180}
{"obj": {"type": "LogFloats", "path": ["monitoring", "bc04ac33", "cpu"], "values": [{"value": 1.4, "step": null, "ts": 1687794603.7926302}]}, "version": 181}
{"obj": {"type": "LogFloats", "path": ["monitoring", "bc04ac33", "memory"], "values": [{"value": 6.229095458984375, "step": null, "ts": 1687794603.7926302}]}, "version": 182}
{"obj": {"type": "LogFloats", "path": ["monitoring", "bc04ac33", "gpu"], "values": [{"value": 5.0, "step": null, "ts": 1687794603.7926302}]}, "version": 183}
{"obj": {"type": "LogFloats", "path": ["monitoring", "bc04ac33", "gpu_memory"], "values": [{"value": 1.56707763671875, "step": null, "ts": 1687794603.7926302}]}, "version": 184}
{"obj": {"type": "LogFloats", "path": ["monitoring", "bc04ac33", "cpu"], "values": [{"value": 2.1, "step": null, "ts": 1687794613.7951808}]}, "version": 185}
{"obj": {"type": "LogFloats", "path": ["monitoring", "bc04ac33", "memory"], "values": [{"value": 6.220024108886719, "step": null, "ts": 1687794613.7951808}]}, "version": 186}
{"obj": {"type": "LogFloats", "path": ["monitoring", "bc04ac33", "gpu"], "values": [{"value": 13.0, "step": null, "ts": 1687794613.7951808}]}, "version": 187}
{"obj": {"type": "LogFloats", "path": ["monitoring", "bc04ac33", "gpu_memory"], "values": [{"value": 1.53753662109375, "step": null, "ts": 1687794613.7951808}]}, "version": 188}
{"obj": {"type": "LogFloats", "path": ["monitoring", "bc04ac33", "cpu"], "values": [{"value": 3.1, "step": null, "ts": 1687794623.798153}]}, "version": 189}
{"obj": {"type": "LogFloats", "path": ["monitoring", "bc04ac33", "memory"], "values": [{"value": 6.2369232177734375, "step": null, "ts": 1687794623.798153}]}, "version": 190}
{"obj": {"type": "LogFloats", "path": ["monitoring", "bc04ac33", "gpu"], "values": [{"value": 18.0, "step": null, "ts": 1687794623.798153}]}, "version": 191}
{"obj": {"type": "LogFloats", "path": ["monitoring", "bc04ac33", "gpu_memory"], "values": [{"value": 1.55389404296875, "step": null, "ts": 1687794623.798153}]}, "version": 192}
{"obj": {"type": "LogFloats", "path": ["monitoring", "bc04ac33", "cpu"], "values": [{"value": 2.8, "step": null, "ts": 1687794633.800712}]}, "version": 193}
{"obj": {"type": "LogFloats", "path": ["monitoring", "bc04ac33", "memory"], "values": [{"value": 6.259307861328125, "step": null, "ts": 1687794633.800712}]}, "version": 194}
{"obj": {"type": "LogFloats", "path": ["monitoring", "bc04ac33", "gpu"], "values": [{"value": 1.0, "step": null, "ts": 1687794633.800712}]}, "version": 195}
{"obj": {"type": "LogFloats", "path": ["monitoring", "bc04ac33", "gpu_memory"], "values": [{"value": 1.587646484375, "step": null, "ts": 1687794633.800712}]}, "version": 196}
{"obj": {"type": "LogFloats", "path": ["monitoring", "bc04ac33", "cpu"], "values": [{"value": 1.7, "step": null, "ts": 1687794643.802975}]}, "version": 197}
{"obj": {"type": "LogFloats", "path": ["monitoring", "bc04ac33", "memory"], "values": [{"value": 6.1941986083984375, "step": null, "ts": 1687794643.802975}]}, "version": 198}
{"obj": {"type": "LogFloats", "path": ["monitoring", "bc04ac33", "gpu_memory"], "values": [{"value": 1.6134033203125, "step": null, "ts": 1687794643.802975}]}, "version": 199}
{"obj": {"type": "LogFloats", "path": ["monitoring", "bc04ac33", "cpu"], "values": [{"value": 1.2, "step": null, "ts": 1687794653.8057785}]}, "version": 200}
{"obj": {"type": "LogFloats", "path": ["monitoring", "bc04ac33", "memory"], "values": [{"value": 6.195270538330078, "step": null, "ts": 1687794653.8057785}]}, "version": 201}
{"obj": {"type": "LogFloats", "path": ["monitoring", "bc04ac33", "gpu_memory"], "values": [{"value": 1.5015869140625, "step": null, "ts": 1687794653.8057785}]}, "version": 202}
{"obj": {"type": "LogFloats", "path": ["monitoring", "bc04ac33", "cpu"], "values": [{"value": 1.1, "step": null, "ts": 1687794663.8084888}]}, "version": 203}
{"obj": {"type": "LogFloats", "path": ["monitoring", "bc04ac33", "memory"], "values": [{"value": 6.194908142089844, "step": null, "ts": 1687794663.8084888}]}, "version": 204}
{"obj": {"type": "LogFloats", "path": ["monitoring", "bc04ac33", "gpu_memory"], "values": [{"value": 1.5015869140625, "step": null, "ts": 1687794663.8084888}]}, "version": 205}
{"obj": {"type": "LogFloats", "path": ["monitoring", "bc04ac33", "cpu"], "values": [{"value": 1.0, "step": null, "ts": 1687794673.8113549}]}, "version": 206}
{"obj": {"type": "LogFloats", "path": ["monitoring", "bc04ac33", "memory"], "values": [{"value": 6.195064544677734, "step": null, "ts": 1687794673.8113549}]}, "version": 207}
{"obj": {"type": "LogFloats", "path": ["monitoring", "bc04ac33", "gpu_memory"], "values": [{"value": 1.5015869140625, "step": null, "ts": 1687794673.8113549}]}, "version": 208}
{"obj": {"type": "LogFloats", "path": ["monitoring", "bc04ac33", "cpu"], "values": [{"value": 2.0, "step": null, "ts": 1687794683.814}]}, "version": 209}
{"obj": {"type": "LogFloats", "path": ["monitoring", "bc04ac33", "memory"], "values": [{"value": 6.208404541015625, "step": null, "ts": 1687794683.814}]}, "version": 210}
{"obj": {"type": "LogFloats", "path": ["monitoring", "bc04ac33", "gpu"], "values": [{"value": 14.0, "step": null, "ts": 1687794683.814}]}, "version": 211}
{"obj": {"type": "LogFloats", "path": ["monitoring", "bc04ac33", "gpu_memory"], "values": [{"value": 1.54754638671875, "step": null, "ts": 1687794683.814}]}, "version": 212}
{"obj": {"type": "LogFloats", "path": ["monitoring", "bc04ac33", "cpu"], "values": [{"value": 4.1, "step": null, "ts": 1687794693.8151722}]}, "version": 213}
{"obj": {"type": "LogFloats", "path": ["monitoring", "bc04ac33", "memory"], "values": [{"value": 6.071926116943359, "step": null, "ts": 1687794693.8151722}]}, "version": 214}
{"obj": {"type": "LogFloats", "path": ["monitoring", "bc04ac33", "gpu_memory"], "values": [{"value": 1.46148681640625, "step": null, "ts": 1687794693.8151722}]}, "version": 215}
{"obj": {"type": "LogFloats", "path": ["monitoring", "bc04ac33", "cpu"], "values": [{"value": 0.7, "step": null, "ts": 1687794703.818082}]}, "version": 216}
{"obj": {"type": "LogFloats", "path": ["monitoring", "bc04ac33", "memory"], "values": [{"value": 6.072353363037109, "step": null, "ts": 1687794703.818082}]}, "version": 217}
{"obj": {"type": "LogFloats", "path": ["monitoring", "bc04ac33", "gpu_memory"], "values": [{"value": 1.46148681640625, "step": null, "ts": 1687794703.818082}]}, "version": 218}
{"obj": {"type": "LogFloats", "path": ["monitoring", "bc04ac33", "cpu"], "values": [{"value": 0.7, "step": null, "ts": 1687794713.8208935}]}, "version": 219}
{"obj": {"type": "LogFloats", "path": ["monitoring", "bc04ac33", "memory"], "values": [{"value": 6.07183837890625, "step": null, "ts": 1687794713.8208935}]}, "version": 220}
{"obj": {"type": "LogFloats", "path": ["monitoring", "bc04ac33", "gpu_memory"], "values": [{"value": 1.46148681640625, "step": null, "ts": 1687794713.8208935}]}, "version": 221}
{"obj": {"type": "LogFloats", "path": ["monitoring", "bc04ac33", "cpu"], "values": [{"value": 0.8, "step": null, "ts": 1687794723.82359}]}, "version": 222}
{"obj": {"type": "LogFloats", "path": ["monitoring", "bc04ac33", "memory"], "values": [{"value": 6.072940826416016, "step": null, "ts": 1687794723.82359}]}, "version": 223}
{"obj": {"type": "LogFloats", "path": ["monitoring", "bc04ac33", "gpu_memory"], "values": [{"value": 1.46148681640625, "step": null, "ts": 1687794723.82359}]}, "version": 224}
{"obj": {"type": "LogFloats", "path": ["monitoring", "bc04ac33", "cpu"], "values": [{"value": 0.7, "step": null, "ts": 1687794733.8263385}]}, "version": 225}
{"obj": {"type": "LogFloats", "path": ["monitoring", "bc04ac33", "memory"], "values": [{"value": 6.0737152099609375, "step": null, "ts": 1687794733.8263385}]}, "version": 226}
{"obj": {"type": "LogFloats", "path": ["monitoring", "bc04ac33", "gpu_memory"], "values": [{"value": 1.46148681640625, "step": null, "ts": 1687794733.8263385}]}, "version": 227}
{"obj": {"type": "LogFloats", "path": ["monitoring", "bc04ac33", "cpu"], "values": [{"value": 0.8, "step": null, "ts": 1687794743.8289528}]}, "version": 228}
{"obj": {"type": "LogFloats", "path": ["monitoring", "bc04ac33", "memory"], "values": [{"value": 6.074169158935547, "step": null, "ts": 1687794743.8289528}]}, "version": 229}
{"obj": {"type": "LogFloats", "path": ["monitoring", "bc04ac33", "gpu_memory"], "values": [{"value": 1.45953369140625, "step": null, "ts": 1687794743.8289528}]}, "version": 230}
{"obj": {"type": "LogFloats", "path": ["monitoring", "bc04ac33", "cpu"], "values": [{"value": 0.8, "step": null, "ts": 1687794753.8315337}]}, "version": 231}
{"obj": {"type": "LogFloats", "path": ["monitoring", "bc04ac33", "memory"], "values": [{"value": 6.068004608154297, "step": null, "ts": 1687794753.8315337}]}, "version": 232}
{"obj": {"type": "LogFloats", "path": ["monitoring", "bc04ac33", "gpu_memory"], "values": [{"value": 1.45953369140625, "step": null, "ts": 1687794753.8315337}]}, "version": 233}
{"obj": {"type": "LogFloats", "path": ["monitoring", "bc04ac33", "cpu"], "values": [{"value": 0.8, "step": null, "ts": 1687794763.8341746}]}, "version": 234}
{"obj": {"type": "LogFloats", "path": ["monitoring", "bc04ac33", "memory"], "values": [{"value": 6.069122314453125, "step": null, "ts": 1687794763.8341746}]}, "version": 235}
{"obj": {"type": "LogFloats", "path": ["monitoring", "bc04ac33", "gpu_memory"], "values": [{"value": 1.45953369140625, "step": null, "ts": 1687794763.8341746}]}, "version": 236}
{"obj": {"type": "LogFloats", "path": ["monitoring", "bc04ac33", "cpu"], "values": [{"value": 1.5, "step": null, "ts": 1687794773.98867}]}, "version": 237}
{"obj": {"type": "LogFloats", "path": ["monitoring", "bc04ac33", "memory"], "values": [{"value": 6.098575592041016, "step": null, "ts": 1687794773.98867}]}, "version": 238}
{"obj": {"type": "LogFloats", "path": ["monitoring", "bc04ac33", "gpu"], "values": [{"value": 23.0, "step": null, "ts": 1687794773.98867}]}, "version": 239}
{"obj": {"type": "LogFloats", "path": ["monitoring", "bc04ac33", "gpu_memory"], "values": [{"value": 1.5823974609375, "step": null, "ts": 1687794773.98867}]}, "version": 240}
{"obj": {"type": "LogFloats", "path": ["monitoring", "bc04ac33", "cpu"], "values": [{"value": 1.6, "step": null, "ts": 1687794783.9906468}]}, "version": 241}
{"obj": {"type": "LogFloats", "path": ["monitoring", "bc04ac33", "memory"], "values": [{"value": 6.107593536376953, "step": null, "ts": 1687794783.9906468}]}, "version": 242}
{"obj": {"type": "LogFloats", "path": ["monitoring", "bc04ac33", "gpu"], "values": [{"value": 71.0, "step": null, "ts": 1687794783.9906468}]}, "version": 243}
{"obj": {"type": "LogFloats", "path": ["monitoring", "bc04ac33", "gpu_memory"], "values": [{"value": 1.59613037109375, "step": null, "ts": 1687794783.9906468}]}, "version": 244}
{"obj": {"type": "LogFloats", "path": ["monitoring", "bc04ac33", "cpu"], "values": [{"value": 1.9, "step": null, "ts": 1687794793.9941254}]}, "version": 245}
{"obj": {"type": "LogFloats", "path": ["monitoring", "bc04ac33", "memory"], "values": [{"value": 6.0917816162109375, "step": null, "ts": 1687794793.9941254}]}, "version": 246}
{"obj": {"type": "LogFloats", "path": ["monitoring", "bc04ac33", "gpu"], "values": [{"value": 32.0, "step": null, "ts": 1687794793.9941254}]}, "version": 247}
{"obj": {"type": "LogFloats", "path": ["monitoring", "bc04ac33", "gpu_memory"], "values": [{"value": 1.63433837890625, "step": null, "ts": 1687794793.9941254}]}, "version": 248}
{"obj": {"type": "LogFloats", "path": ["monitoring", "bc04ac33", "cpu"], "values": [{"value": 1.6, "step": null, "ts": 1687794803.99731}]}, "version": 249}
{"obj": {"type": "LogFloats", "path": ["monitoring", "bc04ac33", "memory"], "values": [{"value": 6.0886993408203125, "step": null, "ts": 1687794803.99731}]}, "version": 250}
{"obj": {"type": "LogFloats", "path": ["monitoring", "bc04ac33", "gpu"], "values": [{"value": 76.0, "step": null, "ts": 1687794803.99731}]}, "version": 251}
{"obj": {"type": "LogFloats", "path": ["monitoring", "bc04ac33", "gpu_memory"], "values": [{"value": 1.64697265625, "step": null, "ts": 1687794803.99731}]}, "version": 252}
{"obj": {"type": "LogFloats", "path": ["monitoring", "bc04ac33", "cpu"], "values": [{"value": 2.5, "step": null, "ts": 1687794813.9992669}]}, "version": 253}
{"obj": {"type": "LogFloats", "path": ["monitoring", "bc04ac33", "memory"], "values": [{"value": 6.098316192626953, "step": null, "ts": 1687794813.9992669}]}, "version": 254}
{"obj": {"type": "LogFloats", "path": ["monitoring", "bc04ac33", "gpu"], "values": [{"value": 3.0, "step": null, "ts": 1687794813.9992669}]}, "version": 255}
{"obj": {"type": "LogFloats", "path": ["monitoring", "bc04ac33", "gpu_memory"], "values": [{"value": 1.68756103515625, "step": null, "ts": 1687794813.9992669}]}, "version": 256}
{"obj": {"type": "AssignString", "path": ["source_code", "integrations", "neptune-optuna"], "value": "1.1.0"}, "version": 257}
{"obj": {"type": "LogFloats", "path": ["monitoring", "bc04ac33", "cpu"], "values": [{"value": 3.3, "step": null, "ts": 1687794824.0015075}]}, "version": 258}
{"obj": {"type": "LogFloats", "path": ["monitoring", "bc04ac33", "memory"], "values": [{"value": 6.189094543457031, "step": null, "ts": 1687794824.0015075}]}, "version": 259}
{"obj": {"type": "LogFloats", "path": ["monitoring", "bc04ac33", "gpu"], "values": [{"value": 25.0, "step": null, "ts": 1687794824.0015075}]}, "version": 260}
{"obj": {"type": "LogFloats", "path": ["monitoring", "bc04ac33", "gpu_memory"], "values": [{"value": 1.7750244140625, "step": null, "ts": 1687794824.0015075}]}, "version": 261}
{"obj": {"type": "AssignDatetime", "path": ["trials", "trials", "5", "datetime_start"], "value": 1687794821783}, "version": 262}
{"obj": {"type": "AssignDatetime", "path": ["trials", "trials", "5", "datetime_complete"], "value": 1687794826533}, "version": 263}
{"obj": {"type": "AssignString", "path": ["trials", "trials", "5", "duration"], "value": "0:00:04.749498"}, "version": 264}
{"obj": {"type": "AssignString", "path": ["trials", "trials", "5", "distributions", "max_depth"], "value": "IntDistribution(high=20, log=False, low=10, step=1)"}, "version": 265}
{"obj": {"type": "AssignString", "path": ["trials", "trials", "5", "distributions", "n_estimators"], "value": "IntDistribution(high=100, log=False, low=50, step=1)"}, "version": 266}
{"obj": {"type": "AssignInt", "path": ["trials", "trials", "5", "params", "max_depth"], "value": 17}, "version": 267}
{"obj": {"type": "AssignInt", "path": ["trials", "trials", "5", "params", "n_estimators"], "value": 70}, "version": 268}
{"obj": {"type": "AssignFloat", "path": ["trials", "trials", "5", "value"], "value": 5.929384282824067}, "version": 269}
{"obj": {"type": "LogFloats", "path": ["monitoring", "bc04ac33", "cpu"], "values": [{"value": 13.9, "step": null, "ts": 1687794834.0036533}]}, "version": 270}
{"obj": {"type": "LogFloats", "path": ["monitoring", "bc04ac33", "memory"], "values": [{"value": 6.126697540283203, "step": null, "ts": 1687794834.0036533}]}, "version": 271}
{"obj": {"type": "LogFloats", "path": ["monitoring", "bc04ac33", "gpu"], "values": [{"value": 38.0, "step": null, "ts": 1687794834.0036533}]}, "version": 272}
{"obj": {"type": "LogFloats", "path": ["monitoring", "bc04ac33", "gpu_memory"], "values": [{"value": 1.596923828125, "step": null, "ts": 1687794834.0036533}]}, "version": 273}
{"obj": {"type": "LogFloats", "path": ["monitoring", "bc04ac33", "cpu"], "values": [{"value": 1.5, "step": null, "ts": 1687794844.00605}]}, "version": 274}
{"obj": {"type": "LogFloats", "path": ["monitoring", "bc04ac33", "memory"], "values": [{"value": 6.1543121337890625, "step": null, "ts": 1687794844.00605}]}, "version": 275}
{"obj": {"type": "LogFloats", "path": ["monitoring", "bc04ac33", "gpu"], "values": [{"value": 25.0, "step": null, "ts": 1687794844.00605}]}, "version": 276}
{"obj": {"type": "LogFloats", "path": ["monitoring", "bc04ac33", "gpu_memory"], "values": [{"value": 1.57159423828125, "step": null, "ts": 1687794844.00605}]}, "version": 277}
{"obj": {"type": "AssignDatetime", "path": ["trials", "trials", "6", "datetime_start"], "value": 1687794846872}, "version": 278}
{"obj": {"type": "AssignDatetime", "path": ["trials", "trials", "6", "datetime_complete"], "value": 1687794851951}, "version": 279}
{"obj": {"type": "AssignString", "path": ["trials", "trials", "6", "duration"], "value": "0:00:05.079592"}, "version": 280}
{"obj": {"type": "AssignString", "path": ["trials", "trials", "6", "distributions", "max_depth"], "value": "IntDistribution(high=20, log=False, low=10, step=1)"}, "version": 281}
{"obj": {"type": "AssignString", "path": ["trials", "trials", "6", "distributions", "n_estimators"], "value": "IntDistribution(high=100, log=False, low=50, step=1)"}, "version": 282}
{"obj": {"type": "AssignInt", "path": ["trials", "trials", "6", "params", "max_depth"], "value": 20}, "version": 283}
{"obj": {"type": "AssignInt", "path": ["trials", "trials", "6", "params", "n_estimators"], "value": 70}, "version": 284}
{"obj": {"type": "AssignFloat", "path": ["trials", "trials", "6", "value"], "value": 5.916890027991354}, "version": 285}
{"obj": {"type": "LogFloats", "path": ["monitoring", "bc04ac33", "cpu"], "values": [{"value": 17.9, "step": null, "ts": 1687794854.0086646}]}, "version": 286}
{"obj": {"type": "LogFloats", "path": ["monitoring", "bc04ac33", "memory"], "values": [{"value": 6.1912384033203125, "step": null, "ts": 1687794854.0086646}]}, "version": 287}
{"obj": {"type": "LogFloats", "path": ["monitoring", "bc04ac33", "gpu"], "values": [{"value": 5.0, "step": null, "ts": 1687794854.0086646}]}, "version": 288}
{"obj": {"type": "LogFloats", "path": ["monitoring", "bc04ac33", "gpu_memory"], "values": [{"value": 1.6846923828125, "step": null, "ts": 1687794854.0086646}]}, "version": 289}
{"obj": {"type": "LogFloats", "path": ["monitoring", "bc04ac33", "cpu"], "values": [{"value": 1.3, "step": null, "ts": 1687794864.0115998}]}, "version": 290}
{"obj": {"type": "LogFloats", "path": ["monitoring", "bc04ac33", "memory"], "values": [{"value": 6.163215637207031, "step": null, "ts": 1687794864.0115998}]}, "version": 291}
{"obj": {"type": "LogFloats", "path": ["monitoring", "bc04ac33", "gpu_memory"], "values": [{"value": 1.5169677734375, "step": null, "ts": 1687794864.0115998}]}, "version": 292}
{"obj": {"type": "LogFloats", "path": ["monitoring", "bc04ac33", "cpu"], "values": [{"value": 1.7, "step": null, "ts": 1687794874.0144074}]}, "version": 293}
{"obj": {"type": "LogFloats", "path": ["monitoring", "bc04ac33", "memory"], "values": [{"value": 6.171100616455078, "step": null, "ts": 1687794874.0144074}]}, "version": 294}
{"obj": {"type": "LogFloats", "path": ["monitoring", "bc04ac33", "gpu_memory"], "values": [{"value": 1.63043212890625, "step": null, "ts": 1687794874.0144074}]}, "version": 295}
{"obj": {"type": "LogFloats", "path": ["monitoring", "bc04ac33", "cpu"], "values": [{"value": 1.8, "step": null, "ts": 1687794884.0167918}]}, "version": 296}
{"obj": {"type": "LogFloats", "path": ["monitoring", "bc04ac33", "memory"], "values": [{"value": 6.160945892333984, "step": null, "ts": 1687794884.0167918}]}, "version": 297}
{"obj": {"type": "LogFloats", "path": ["monitoring", "bc04ac33", "gpu"], "values": [{"value": 17.0, "step": null, "ts": 1687794884.0167918}]}, "version": 298}
{"obj": {"type": "LogFloats", "path": ["monitoring", "bc04ac33", "gpu_memory"], "values": [{"value": 1.57171630859375, "step": null, "ts": 1687794884.0167918}]}, "version": 299}
{"obj": {"type": "LogFloats", "path": ["monitoring", "bc04ac33", "cpu"], "values": [{"value": 2.3, "step": null, "ts": 1687794894.0197284}]}, "version": 300}
{"obj": {"type": "LogFloats", "path": ["monitoring", "bc04ac33", "memory"], "values": [{"value": 6.194599151611328, "step": null, "ts": 1687794894.0197284}]}, "version": 301}
{"obj": {"type": "LogFloats", "path": ["monitoring", "bc04ac33", "gpu"], "values": [{"value": 64.0, "step": null, "ts": 1687794894.0197284}]}, "version": 302}
{"obj": {"type": "LogFloats", "path": ["monitoring", "bc04ac33", "gpu_memory"], "values": [{"value": 1.83734130859375, "step": null, "ts": 1687794894.0197284}]}, "version": 303}
{"obj": {"type": "AssignString", "path": ["source_code", "integrations", "neptune-optuna"], "value": "1.1.0"}, "version": 304}
{"obj": {"type": "LogFloats", "path": ["monitoring", "bc04ac33", "cpu"], "values": [{"value": 3.6, "step": null, "ts": 1687794904.0218372}]}, "version": 305}
{"obj": {"type": "LogFloats", "path": ["monitoring", "bc04ac33", "memory"], "values": [{"value": 6.261039733886719, "step": null, "ts": 1687794904.0218372}]}, "version": 306}
{"obj": {"type": "LogFloats", "path": ["monitoring", "bc04ac33", "gpu"], "values": [{"value": 17.0, "step": null, "ts": 1687794904.0218372}]}, "version": 307}
{"obj": {"type": "LogFloats", "path": ["monitoring", "bc04ac33", "gpu_memory"], "values": [{"value": 1.75152587890625, "step": null, "ts": 1687794904.0218372}]}, "version": 308}
{"obj": {"type": "AssignDatetime", "path": ["trials", "trials", "7", "datetime_start"], "value": 1687794906292}, "version": 309}
{"obj": {"type": "AssignDatetime", "path": ["trials", "trials", "7", "datetime_complete"], "value": 1687794911605}, "version": 310}
{"obj": {"type": "AssignString", "path": ["trials", "trials", "7", "duration"], "value": "0:00:05.313380"}, "version": 311}
{"obj": {"type": "AssignString", "path": ["trials", "trials", "7", "distributions", "max_depth"], "value": "IntDistribution(high=20, log=False, low=10, step=1)"}, "version": 312}
{"obj": {"type": "AssignString", "path": ["trials", "trials", "7", "distributions", "n_estimators"], "value": "IntDistribution(high=100, log=False, low=50, step=1)"}, "version": 313}
{"obj": {"type": "AssignInt", "path": ["trials", "trials", "7", "params", "max_depth"], "value": 17}, "version": 314}
{"obj": {"type": "AssignInt", "path": ["trials", "trials", "7", "params", "n_estimators"], "value": 93}, "version": 315}
{"obj": {"type": "AssignFloat", "path": ["trials", "trials", "7", "value"], "value": 5.931978929761292}, "version": 316}
{"obj": {"type": "LogFloats", "path": ["monitoring", "bc04ac33", "cpu"], "values": [{"value": 19.2, "step": null, "ts": 1687794914.02401}]}, "version": 317}
{"obj": {"type": "LogFloats", "path": ["monitoring", "bc04ac33", "memory"], "values": [{"value": 6.213897705078125, "step": null, "ts": 1687794914.02401}]}, "version": 318}
{"obj": {"type": "LogFloats", "path": ["monitoring", "bc04ac33", "gpu_memory"], "values": [{"value": 1.68597412109375, "step": null, "ts": 1687794914.02401}]}, "version": 319}
{"obj": {"type": "LogFloats", "path": ["monitoring", "bc04ac33", "cpu"], "values": [{"value": 2.1, "step": null, "ts": 1687794924.0263357}]}, "version": 320}
{"obj": {"type": "LogFloats", "path": ["monitoring", "bc04ac33", "memory"], "values": [{"value": 6.152263641357422, "step": null, "ts": 1687794924.0263357}]}, "version": 321}
{"obj": {"type": "LogFloats", "path": ["monitoring", "bc04ac33", "gpu"], "values": [{"value": 69.0, "step": null, "ts": 1687794924.0263357}]}, "version": 322}
{"obj": {"type": "LogFloats", "path": ["monitoring", "bc04ac33", "gpu_memory"], "values": [{"value": 1.577880859375, "step": null, "ts": 1687794924.0263357}]}, "version": 323}
{"obj": {"type": "LogFloats", "path": ["monitoring", "bc04ac33", "cpu"], "values": [{"value": 3.8, "step": null, "ts": 1687794934.0288334}]}, "version": 324}
{"obj": {"type": "LogFloats", "path": ["monitoring", "bc04ac33", "memory"], "values": [{"value": 6.224155426025391, "step": null, "ts": 1687794934.0288334}]}, "version": 325}
{"obj": {"type": "LogFloats", "path": ["monitoring", "bc04ac33", "gpu"], "values": [{"value": 34.0, "step": null, "ts": 1687794934.0288334}]}, "version": 326}
{"obj": {"type": "LogFloats", "path": ["monitoring", "bc04ac33", "gpu_memory"], "values": [{"value": 1.67919921875, "step": null, "ts": 1687794934.0288334}]}, "version": 327}
{"obj": {"type": "LogFloats", "path": ["monitoring", "bc04ac33", "cpu"], "values": [{"value": 12.3, "step": null, "ts": 1687794944.03122}]}, "version": 328}
{"obj": {"type": "LogFloats", "path": ["monitoring", "bc04ac33", "memory"], "values": [{"value": 6.189643859863281, "step": null, "ts": 1687794944.03122}]}, "version": 329}
{"obj": {"type": "LogFloats", "path": ["monitoring", "bc04ac33", "gpu"], "values": [{"value": 39.0, "step": null, "ts": 1687794944.03122}]}, "version": 330}
{"obj": {"type": "LogFloats", "path": ["monitoring", "bc04ac33", "gpu_memory"], "values": [{"value": 1.58001708984375, "step": null, "ts": 1687794944.03122}]}, "version": 331}
{"obj": {"type": "LogFloats", "path": ["monitoring", "bc04ac33", "cpu"], "values": [{"value": 22.5, "step": null, "ts": 1687794954.034032}]}, "version": 332}
{"obj": {"type": "LogFloats", "path": ["monitoring", "bc04ac33", "memory"], "values": [{"value": 6.2248382568359375, "step": null, "ts": 1687794954.034032}]}, "version": 333}
{"obj": {"type": "LogFloats", "path": ["monitoring", "bc04ac33", "gpu"], "values": [{"value": 36.0, "step": null, "ts": 1687794954.034032}]}, "version": 334}
{"obj": {"type": "LogFloats", "path": ["monitoring", "bc04ac33", "gpu_memory"], "values": [{"value": 1.67291259765625, "step": null, "ts": 1687794954.034032}]}, "version": 335}
{"obj": {"type": "LogFloats", "path": ["monitoring", "bc04ac33", "cpu"], "values": [{"value": 18.4, "step": null, "ts": 1687794964.0404704}]}, "version": 336}
{"obj": {"type": "LogFloats", "path": ["monitoring", "bc04ac33", "memory"], "values": [{"value": 6.2418060302734375, "step": null, "ts": 1687794964.0404704}]}, "version": 337}
{"obj": {"type": "LogFloats", "path": ["monitoring", "bc04ac33", "gpu"], "values": [{"value": 40.0, "step": null, "ts": 1687794964.0404704}]}, "version": 338}
{"obj": {"type": "LogFloats", "path": ["monitoring", "bc04ac33", "gpu_memory"], "values": [{"value": 1.677978515625, "step": null, "ts": 1687794964.0404704}]}, "version": 339}
{"obj": {"type": "LogFloats", "path": ["monitoring", "bc04ac33", "cpu"], "values": [{"value": 4.3, "step": null, "ts": 1687794974.0431235}]}, "version": 340}
{"obj": {"type": "LogFloats", "path": ["monitoring", "bc04ac33", "memory"], "values": [{"value": 6.087348937988281, "step": null, "ts": 1687794974.0431235}]}, "version": 341}
{"obj": {"type": "LogFloats", "path": ["monitoring", "bc04ac33", "gpu"], "values": [{"value": 65.0, "step": null, "ts": 1687794974.0431235}]}, "version": 342}
{"obj": {"type": "LogFloats", "path": ["monitoring", "bc04ac33", "gpu_memory"], "values": [{"value": 1.4530029296875, "step": null, "ts": 1687794974.0431235}]}, "version": 343}
{"obj": {"type": "LogFloats", "path": ["monitoring", "bc04ac33", "cpu"], "values": [{"value": 5.1, "step": null, "ts": 1687794984.0447242}]}, "version": 344}
{"obj": {"type": "LogFloats", "path": ["monitoring", "bc04ac33", "memory"], "values": [{"value": 6.167884826660156, "step": null, "ts": 1687794984.0447242}]}, "version": 345}
{"obj": {"type": "LogFloats", "path": ["monitoring", "bc04ac33", "gpu"], "values": [{"value": 41.0, "step": null, "ts": 1687794984.0447242}]}, "version": 346}
{"obj": {"type": "LogFloats", "path": ["monitoring", "bc04ac33", "gpu_memory"], "values": [{"value": 1.4296875, "step": null, "ts": 1687794984.0447242}]}, "version": 347}
{"obj": {"type": "LogFloats", "path": ["monitoring", "bc04ac33", "cpu"], "values": [{"value": 8.8, "step": null, "ts": 1687794994.0517027}]}, "version": 348}
{"obj": {"type": "LogFloats", "path": ["monitoring", "bc04ac33", "memory"], "values": [{"value": 6.5339813232421875, "step": null, "ts": 1687794994.0517027}]}, "version": 349}
{"obj": {"type": "LogFloats", "path": ["monitoring", "bc04ac33", "gpu"], "values": [{"value": 37.0, "step": null, "ts": 1687794994.0517027}]}, "version": 350}
{"obj": {"type": "LogFloats", "path": ["monitoring", "bc04ac33", "gpu_memory"], "values": [{"value": 1.4521484375, "step": null, "ts": 1687794994.0517027}]}, "version": 351}
{"obj": {"type": "LogFloats", "path": ["monitoring", "bc04ac33", "cpu"], "values": [{"value": 4.7, "step": null, "ts": 1687795004.0540411}]}, "version": 352}
{"obj": {"type": "LogFloats", "path": ["monitoring", "bc04ac33", "memory"], "values": [{"value": 6.543270111083984, "step": null, "ts": 1687795004.0540411}]}, "version": 353}
{"obj": {"type": "LogFloats", "path": ["monitoring", "bc04ac33", "gpu"], "values": [{"value": 16.0, "step": null, "ts": 1687795004.0540411}]}, "version": 354}
{"obj": {"type": "LogFloats", "path": ["monitoring", "bc04ac33", "gpu_memory"], "values": [{"value": 1.474853515625, "step": null, "ts": 1687795004.0540411}]}, "version": 355}
{"obj": {"type": "LogFloats", "path": ["monitoring", "bc04ac33", "cpu"], "values": [{"value": 4.6, "step": null, "ts": 1687795014.0560956}]}, "version": 356}
{"obj": {"type": "LogFloats", "path": ["monitoring", "bc04ac33", "memory"], "values": [{"value": 6.518596649169922, "step": null, "ts": 1687795014.0560956}]}, "version": 357}
{"obj": {"type": "LogFloats", "path": ["monitoring", "bc04ac33", "gpu"], "values": [{"value": 37.0, "step": null, "ts": 1687795014.0560956}]}, "version": 358}
{"obj": {"type": "LogFloats", "path": ["monitoring", "bc04ac33", "gpu_memory"], "values": [{"value": 1.52886962890625, "step": null, "ts": 1687795014.0560956}]}, "version": 359}
{"obj": {"type": "AssignString", "path": ["source_code", "integrations", "neptune-optuna"], "value": "1.1.0"}, "version": 360}
{"obj": {"type": "LogFloats", "path": ["monitoring", "bc04ac33", "cpu"], "values": [{"value": 4.9, "step": null, "ts": 1687795024.058105}]}, "version": 361}
{"obj": {"type": "LogFloats", "path": ["monitoring", "bc04ac33", "memory"], "values": [{"value": 6.5313568115234375, "step": null, "ts": 1687795024.058105}]}, "version": 362}
{"obj": {"type": "LogFloats", "path": ["monitoring", "bc04ac33", "gpu"], "values": [{"value": 38.0, "step": null, "ts": 1687795024.058105}]}, "version": 363}
{"obj": {"type": "LogFloats", "path": ["monitoring", "bc04ac33", "gpu_memory"], "values": [{"value": 1.6446533203125, "step": null, "ts": 1687795024.058105}]}, "version": 364}
{"obj": {"type": "LogFloats", "path": ["monitoring", "bc04ac33", "cpu"], "values": [{"value": 4.6, "step": null, "ts": 1687795034.0608318}]}, "version": 365}
{"obj": {"type": "LogFloats", "path": ["monitoring", "bc04ac33", "memory"], "values": [{"value": 6.474147796630859, "step": null, "ts": 1687795034.0608318}]}, "version": 366}
{"obj": {"type": "LogFloats", "path": ["monitoring", "bc04ac33", "gpu"], "values": [{"value": 39.0, "step": null, "ts": 1687795034.0608318}]}, "version": 367}
{"obj": {"type": "LogFloats", "path": ["monitoring", "bc04ac33", "gpu_memory"], "values": [{"value": 1.70843505859375, "step": null, "ts": 1687795034.0608318}]}, "version": 368}
{"obj": {"type": "AssignDatetime", "path": ["trials", "trials", "14", "datetime_start"], "value": 1687795032179}, "version": 369}
{"obj": {"type": "AssignDatetime", "path": ["trials", "trials", "14", "datetime_complete"], "value": 1687795036834}, "version": 370}
{"obj": {"type": "AssignString", "path": ["trials", "trials", "14", "duration"], "value": "0:00:04.655641"}, "version": 371}
{"obj": {"type": "AssignString", "path": ["trials", "trials", "14", "distributions", "max_depth"], "value": "IntDistribution(high=20, log=False, low=10, step=1)"}, "version": 372}
{"obj": {"type": "AssignString", "path": ["trials", "trials", "14", "distributions", "n_estimators"], "value": "IntDistribution(high=100, log=False, low=50, step=1)"}, "version": 373}
{"obj": {"type": "AssignInt", "path": ["trials", "trials", "14", "params", "max_depth"], "value": 10}, "version": 374}
{"obj": {"type": "AssignInt", "path": ["trials", "trials", "14", "params", "n_estimators"], "value": 97}, "version": 375}
{"obj": {"type": "AssignFloat", "path": ["trials", "trials", "14", "value"], "value": 5.990855058519556}, "version": 376}
{"obj": {"type": "LogFloats", "path": ["monitoring", "bc04ac33", "cpu"], "values": [{"value": 10.8, "step": null, "ts": 1687795044.0630336}]}, "version": 377}
{"obj": {"type": "LogFloats", "path": ["monitoring", "bc04ac33", "memory"], "values": [{"value": 6.488670349121094, "step": null, "ts": 1687795044.0630336}]}, "version": 378}
{"obj": {"type": "LogFloats", "path": ["monitoring", "bc04ac33", "gpu"], "values": [{"value": 25.0, "step": null, "ts": 1687795044.0630336}]}, "version": 379}
{"obj": {"type": "LogFloats", "path": ["monitoring", "bc04ac33", "gpu_memory"], "values": [{"value": 1.54150390625, "step": null, "ts": 1687795044.0630336}]}, "version": 380}
{"obj": {"type": "LogFloats", "path": ["monitoring", "bc04ac33", "cpu"], "values": [{"value": 3.3, "step": null, "ts": 1687795054.0654428}]}, "version": 381}
{"obj": {"type": "LogFloats", "path": ["monitoring", "bc04ac33", "memory"], "values": [{"value": 6.470607757568359, "step": null, "ts": 1687795054.0654428}]}, "version": 382}
{"obj": {"type": "LogFloats", "path": ["monitoring", "bc04ac33", "gpu"], "values": [{"value": 8.0, "step": null, "ts": 1687795054.0654428}]}, "version": 383}
{"obj": {"type": "LogFloats", "path": ["monitoring", "bc04ac33", "gpu_memory"], "values": [{"value": 1.55865478515625, "step": null, "ts": 1687795054.0654428}]}, "version": 384}
{"obj": {"type": "LogFloats", "path": ["monitoring", "bc04ac33", "cpu"], "values": [{"value": 2.0, "step": null, "ts": 1687795064.0678284}]}, "version": 385}
{"obj": {"type": "LogFloats", "path": ["monitoring", "bc04ac33", "memory"], "values": [{"value": 6.412700653076172, "step": null, "ts": 1687795064.0678284}]}, "version": 386}
{"obj": {"type": "LogFloats", "path": ["monitoring", "bc04ac33", "gpu"], "values": [{"value": 23.0, "step": null, "ts": 1687795064.0678284}]}, "version": 387}
{"obj": {"type": "LogFloats", "path": ["monitoring", "bc04ac33", "gpu_memory"], "values": [{"value": 1.51214599609375, "step": null, "ts": 1687795064.0678284}]}, "version": 388}
{"obj": {"type": "LogFloats", "path": ["monitoring", "bc04ac33", "cpu"], "values": [{"value": 4.6, "step": null, "ts": 1687795074.069864}]}, "version": 389}
{"obj": {"type": "LogFloats", "path": ["monitoring", "bc04ac33", "memory"], "values": [{"value": 6.416007995605469, "step": null, "ts": 1687795074.069864}]}, "version": 390}
{"obj": {"type": "LogFloats", "path": ["monitoring", "bc04ac33", "gpu"], "values": [{"value": 39.0, "step": null, "ts": 1687795074.069864}]}, "version": 391}
{"obj": {"type": "LogFloats", "path": ["monitoring", "bc04ac33", "gpu_memory"], "values": [{"value": 1.49310302734375, "step": null, "ts": 1687795074.069864}]}, "version": 392}
{"obj": {"type": "LogFloats", "path": ["monitoring", "bc04ac33", "cpu"], "values": [{"value": 4.1, "step": null, "ts": 1687795084.0720134}]}, "version": 393}
{"obj": {"type": "LogFloats", "path": ["monitoring", "bc04ac33", "memory"], "values": [{"value": 6.417583465576172, "step": null, "ts": 1687795084.0720134}]}, "version": 394}
{"obj": {"type": "LogFloats", "path": ["monitoring", "bc04ac33", "gpu"], "values": [{"value": 38.0, "step": null, "ts": 1687795084.0720134}]}, "version": 395}
{"obj": {"type": "LogFloats", "path": ["monitoring", "bc04ac33", "gpu_memory"], "values": [{"value": 1.49310302734375, "step": null, "ts": 1687795084.0720134}]}, "version": 396}
{"obj": {"type": "LogFloats", "path": ["monitoring", "bc04ac33", "cpu"], "values": [{"value": 4.5, "step": null, "ts": 1687795094.0738988}]}, "version": 397}
{"obj": {"type": "LogFloats", "path": ["monitoring", "bc04ac33", "memory"], "values": [{"value": 6.424037933349609, "step": null, "ts": 1687795094.0738988}]}, "version": 398}
{"obj": {"type": "LogFloats", "path": ["monitoring", "bc04ac33", "gpu"], "values": [{"value": 34.0, "step": null, "ts": 1687795094.0738988}]}, "version": 399}
{"obj": {"type": "LogFloats", "path": ["monitoring", "bc04ac33", "gpu_memory"], "values": [{"value": 1.448974609375, "step": null, "ts": 1687795094.0738988}]}, "version": 400}
{"obj": {"type": "LogFloats", "path": ["monitoring", "bc04ac33", "cpu"], "values": [{"value": 3.7, "step": null, "ts": 1687795104.0765138}]}, "version": 401}
{"obj": {"type": "LogFloats", "path": ["monitoring", "bc04ac33", "memory"], "values": [{"value": 6.405551910400391, "step": null, "ts": 1687795104.0765138}]}, "version": 402}
{"obj": {"type": "LogFloats", "path": ["monitoring", "bc04ac33", "gpu"], "values": [{"value": 38.0, "step": null, "ts": 1687795104.0765138}]}, "version": 403}
{"obj": {"type": "LogFloats", "path": ["monitoring", "bc04ac33", "gpu_memory"], "values": [{"value": 1.4488525390625, "step": null, "ts": 1687795104.0765138}]}, "version": 404}
{"obj": {"type": "LogFloats", "path": ["monitoring", "bc04ac33", "cpu"], "values": [{"value": 1.5, "step": null, "ts": 1687795114.0784647}]}, "version": 405}
{"obj": {"type": "LogFloats", "path": ["monitoring", "bc04ac33", "memory"], "values": [{"value": 6.408897399902344, "step": null, "ts": 1687795114.0784647}]}, "version": 406}
{"obj": {"type": "LogFloats", "path": ["monitoring", "bc04ac33", "gpu"], "values": [{"value": 2.0, "step": null, "ts": 1687795114.0784647}]}, "version": 407}
{"obj": {"type": "LogFloats", "path": ["monitoring", "bc04ac33", "gpu_memory"], "values": [{"value": 1.448974609375, "step": null, "ts": 1687795114.0784647}]}, "version": 408}
{"obj": {"type": "LogFloats", "path": ["monitoring", "bc04ac33", "cpu"], "values": [{"value": 2.0, "step": null, "ts": 1687795124.0810027}]}, "version": 409}
{"obj": {"type": "LogFloats", "path": ["monitoring", "bc04ac33", "memory"], "values": [{"value": 6.405811309814453, "step": null, "ts": 1687795124.0810027}]}, "version": 410}
{"obj": {"type": "LogFloats", "path": ["monitoring", "bc04ac33", "gpu"], "values": [{"value": 2.0, "step": null, "ts": 1687795124.0810027}]}, "version": 411}
{"obj": {"type": "LogFloats", "path": ["monitoring", "bc04ac33", "gpu_memory"], "values": [{"value": 1.448974609375, "step": null, "ts": 1687795124.0810027}]}, "version": 412}
{"obj": {"type": "LogFloats", "path": ["monitoring", "bc04ac33", "cpu"], "values": [{"value": 3.1, "step": null, "ts": 1687795134.0843422}]}, "version": 413}
{"obj": {"type": "LogFloats", "path": ["monitoring", "bc04ac33", "memory"], "values": [{"value": 6.451366424560547, "step": null, "ts": 1687795134.0843422}]}, "version": 414}
{"obj": {"type": "LogFloats", "path": ["monitoring", "bc04ac33", "gpu"], "values": [{"value": 25.0, "step": null, "ts": 1687795134.0843422}]}, "version": 415}
{"obj": {"type": "LogFloats", "path": ["monitoring", "bc04ac33", "gpu_memory"], "values": [{"value": 1.46392822265625, "step": null, "ts": 1687795134.0843422}]}, "version": 416}
{"obj": {"type": "LogFloats", "path": ["monitoring", "bc04ac33", "cpu"], "values": [{"value": 5.4, "step": null, "ts": 1687795144.0862675}]}, "version": 417}
{"obj": {"type": "LogFloats", "path": ["monitoring", "bc04ac33", "memory"], "values": [{"value": 6.47308349609375, "step": null, "ts": 1687795144.0862675}]}, "version": 418}
{"obj": {"type": "LogFloats", "path": ["monitoring", "bc04ac33", "gpu"], "values": [{"value": 23.0, "step": null, "ts": 1687795144.0862675}]}, "version": 419}
{"obj": {"type": "LogFloats", "path": ["monitoring", "bc04ac33", "gpu_memory"], "values": [{"value": 1.4619140625, "step": null, "ts": 1687795144.0862675}]}, "version": 420}
{"obj": {"type": "LogFloats", "path": ["monitoring", "bc04ac33", "cpu"], "values": [{"value": 4.5, "step": null, "ts": 1687795154.0879455}]}, "version": 421}
{"obj": {"type": "LogFloats", "path": ["monitoring", "bc04ac33", "memory"], "values": [{"value": 6.508697509765625, "step": null, "ts": 1687795154.0879455}]}, "version": 422}
{"obj": {"type": "LogFloats", "path": ["monitoring", "bc04ac33", "gpu"], "values": [{"value": 44.0, "step": null, "ts": 1687795154.0879455}]}, "version": 423}
{"obj": {"type": "LogFloats", "path": ["monitoring", "bc04ac33", "gpu_memory"], "values": [{"value": 1.45770263671875, "step": null, "ts": 1687795154.0879455}]}, "version": 424}
{"obj": {"type": "LogFloats", "path": ["monitoring", "bc04ac33", "cpu"], "values": [{"value": 3.4, "step": null, "ts": 1687795164.0900514}]}, "version": 425}
{"obj": {"type": "LogFloats", "path": ["monitoring", "bc04ac33", "memory"], "values": [{"value": 6.486946105957031, "step": null, "ts": 1687795164.0900514}]}, "version": 426}
{"obj": {"type": "LogFloats", "path": ["monitoring", "bc04ac33", "gpu"], "values": [{"value": 40.0, "step": null, "ts": 1687795164.0900514}]}, "version": 427}
{"obj": {"type": "LogFloats", "path": ["monitoring", "bc04ac33", "gpu_memory"], "values": [{"value": 1.46160888671875, "step": null, "ts": 1687795164.0900514}]}, "version": 428}
{"obj": {"type": "LogFloats", "path": ["monitoring", "bc04ac33", "cpu"], "values": [{"value": 7.0, "step": null, "ts": 1687795174.092363}]}, "version": 429}
{"obj": {"type": "LogFloats", "path": ["monitoring", "bc04ac33", "memory"], "values": [{"value": 6.515655517578125, "step": null, "ts": 1687795174.092363}]}, "version": 430}
{"obj": {"type": "LogFloats", "path": ["monitoring", "bc04ac33", "gpu"], "values": [{"value": 28.0, "step": null, "ts": 1687795174.092363}]}, "version": 431}
{"obj": {"type": "LogFloats", "path": ["monitoring", "bc04ac33", "gpu_memory"], "values": [{"value": 1.62457275390625, "step": null, "ts": 1687795174.092363}]}, "version": 432}
{"obj": {"type": "LogFloats", "path": ["monitoring", "bc04ac33", "cpu"], "values": [{"value": 4.9, "step": null, "ts": 1687795184.094323}]}, "version": 433}
{"obj": {"type": "LogFloats", "path": ["monitoring", "bc04ac33", "memory"], "values": [{"value": 6.518218994140625, "step": null, "ts": 1687795184.094323}]}, "version": 434}
{"obj": {"type": "LogFloats", "path": ["monitoring", "bc04ac33", "gpu"], "values": [{"value": 18.0, "step": null, "ts": 1687795184.094323}]}, "version": 435}
{"obj": {"type": "LogFloats", "path": ["monitoring", "bc04ac33", "gpu_memory"], "values": [{"value": 1.47723388671875, "step": null, "ts": 1687795184.094323}]}, "version": 436}
{"obj": {"type": "LogFloats", "path": ["monitoring", "bc04ac33", "cpu"], "values": [{"value": 3.3, "step": null, "ts": 1687795194.0973392}]}, "version": 437}
{"obj": {"type": "LogFloats", "path": ["monitoring", "bc04ac33", "memory"], "values": [{"value": 6.50360107421875, "step": null, "ts": 1687795194.0973392}]}, "version": 438}
{"obj": {"type": "LogFloats", "path": ["monitoring", "bc04ac33", "gpu"], "values": [{"value": 8.0, "step": null, "ts": 1687795194.0973392}]}, "version": 439}
{"obj": {"type": "LogFloats", "path": ["monitoring", "bc04ac33", "gpu_memory"], "values": [{"value": 1.43902587890625, "step": null, "ts": 1687795194.0973392}]}, "version": 440}
{"obj": {"type": "LogFloats", "path": ["monitoring", "bc04ac33", "cpu"], "values": [{"value": 2.4, "step": null, "ts": 1687795204.099609}]}, "version": 441}
{"obj": {"type": "LogFloats", "path": ["monitoring", "bc04ac33", "memory"], "values": [{"value": 6.468250274658203, "step": null, "ts": 1687795204.099609}]}, "version": 442}
{"obj": {"type": "LogFloats", "path": ["monitoring", "bc04ac33", "gpu"], "values": [{"value": 2.0, "step": null, "ts": 1687795204.099609}]}, "version": 443}
{"obj": {"type": "LogFloats", "path": ["monitoring", "bc04ac33", "gpu_memory"], "values": [{"value": 1.42523193359375, "step": null, "ts": 1687795204.099609}]}, "version": 444}
{"obj": {"type": "LogFloats", "path": ["monitoring", "bc04ac33", "cpu"], "values": [{"value": 1.7, "step": null, "ts": 1687795214.1019967}]}, "version": 445}
{"obj": {"type": "LogFloats", "path": ["monitoring", "bc04ac33", "memory"], "values": [{"value": 6.478870391845703, "step": null, "ts": 1687795214.1019967}]}, "version": 446}
{"obj": {"type": "LogFloats", "path": ["monitoring", "bc04ac33", "gpu"], "values": [{"value": 21.0, "step": null, "ts": 1687795214.1019967}]}, "version": 447}
{"obj": {"type": "LogFloats", "path": ["monitoring", "bc04ac33", "gpu_memory"], "values": [{"value": 1.47650146484375, "step": null, "ts": 1687795214.1019967}]}, "version": 448}
{"obj": {"type": "LogFloats", "path": ["monitoring", "bc04ac33", "cpu"], "values": [{"value": 1.9, "step": null, "ts": 1687795224.1050062}]}, "version": 449}
{"obj": {"type": "LogFloats", "path": ["monitoring", "bc04ac33", "memory"], "values": [{"value": 6.4665069580078125, "step": null, "ts": 1687795224.1050062}]}, "version": 450}
{"obj": {"type": "LogFloats", "path": ["monitoring", "bc04ac33", "gpu"], "values": [{"value": 7.0, "step": null, "ts": 1687795224.1050062}]}, "version": 451}
{"obj": {"type": "LogFloats", "path": ["monitoring", "bc04ac33", "gpu_memory"], "values": [{"value": 1.42327880859375, "step": null, "ts": 1687795224.1050062}]}, "version": 452}
{"obj": {"type": "LogFloats", "path": ["monitoring", "bc04ac33", "cpu"], "values": [{"value": 1.7, "step": null, "ts": 1687795234.107416}]}, "version": 453}
{"obj": {"type": "LogFloats", "path": ["monitoring", "bc04ac33", "memory"], "values": [{"value": 6.462879180908203, "step": null, "ts": 1687795234.107416}]}, "version": 454}
{"obj": {"type": "LogFloats", "path": ["monitoring", "bc04ac33", "gpu_memory"], "values": [{"value": 1.47064208984375, "step": null, "ts": 1687795234.107416}]}, "version": 455}
{"obj": {"type": "LogFloats", "path": ["monitoring", "bc04ac33", "cpu"], "values": [{"value": 2.7, "step": null, "ts": 1687795244.1102057}]}, "version": 456}
{"obj": {"type": "LogFloats", "path": ["monitoring", "bc04ac33", "memory"], "values": [{"value": 6.517200469970703, "step": null, "ts": 1687795244.1102057}]}, "version": 457}
{"obj": {"type": "LogFloats", "path": ["monitoring", "bc04ac33", "gpu"], "values": [{"value": 12.0, "step": null, "ts": 1687795244.1102057}]}, "version": 458}
{"obj": {"type": "LogFloats", "path": ["monitoring", "bc04ac33", "gpu_memory"], "values": [{"value": 1.4530029296875, "step": null, "ts": 1687795244.1102057}]}, "version": 459}
{"obj": {"type": "LogFloats", "path": ["monitoring", "bc04ac33", "cpu"], "values": [{"value": 2.6, "step": null, "ts": 1687795254.1117105}]}, "version": 460}
{"obj": {"type": "LogFloats", "path": ["monitoring", "bc04ac33", "memory"], "values": [{"value": 6.499073028564453, "step": null, "ts": 1687795254.1117105}]}, "version": 461}
{"obj": {"type": "LogFloats", "path": ["monitoring", "bc04ac33", "gpu"], "values": [{"value": 25.0, "step": null, "ts": 1687795254.1117105}]}, "version": 462}
{"obj": {"type": "LogFloats", "path": ["monitoring", "bc04ac33", "gpu_memory"], "values": [{"value": 1.59765625, "step": null, "ts": 1687795254.1117105}]}, "version": 463}
{"obj": {"type": "LogFloats", "path": ["monitoring", "bc04ac33", "cpu"], "values": [{"value": 4.2, "step": null, "ts": 1687795264.1129856}]}, "version": 464}
{"obj": {"type": "LogFloats", "path": ["monitoring", "bc04ac33", "memory"], "values": [{"value": 6.493373870849609, "step": null, "ts": 1687795264.1129856}]}, "version": 465}
{"obj": {"type": "LogFloats", "path": ["monitoring", "bc04ac33", "gpu"], "values": [{"value": 26.0, "step": null, "ts": 1687795264.1129856}]}, "version": 466}
{"obj": {"type": "LogFloats", "path": ["monitoring", "bc04ac33", "gpu_memory"], "values": [{"value": 1.71282958984375, "step": null, "ts": 1687795264.1129856}]}, "version": 467}
{"obj": {"type": "LogFloats", "path": ["monitoring", "bc04ac33", "cpu"], "values": [{"value": 3.6, "step": null, "ts": 1687795274.26788}]}, "version": 468}
{"obj": {"type": "LogFloats", "path": ["monitoring", "bc04ac33", "memory"], "values": [{"value": 6.513545989990234, "step": null, "ts": 1687795274.26788}]}, "version": 469}
{"obj": {"type": "LogFloats", "path": ["monitoring", "bc04ac33", "gpu"], "values": [{"value": 42.0, "step": null, "ts": 1687795274.26788}]}, "version": 470}
{"obj": {"type": "LogFloats", "path": ["monitoring", "bc04ac33", "gpu_memory"], "values": [{"value": 1.73760986328125, "step": null, "ts": 1687795274.26788}]}, "version": 471}
{"obj": {"type": "LogFloats", "path": ["monitoring", "bc04ac33", "cpu"], "values": [{"value": 51.2, "step": null, "ts": 1687795284.2705326}]}, "version": 472}
{"obj": {"type": "LogFloats", "path": ["monitoring", "bc04ac33", "memory"], "values": [{"value": 6.478584289550781, "step": null, "ts": 1687795284.2705326}]}, "version": 473}
{"obj": {"type": "LogFloats", "path": ["monitoring", "bc04ac33", "gpu"], "values": [{"value": 35.0, "step": null, "ts": 1687795284.2705326}]}, "version": 474}
{"obj": {"type": "LogFloats", "path": ["monitoring", "bc04ac33", "gpu_memory"], "values": [{"value": 1.5621337890625, "step": null, "ts": 1687795284.2705326}]}, "version": 475}
{"obj": {"type": "LogFloats", "path": ["monitoring", "bc04ac33", "cpu"], "values": [{"value": 24.6, "step": null, "ts": 1687795294.2747028}]}, "version": 476}
{"obj": {"type": "LogFloats", "path": ["monitoring", "bc04ac33", "memory"], "values": [{"value": 6.506813049316406, "step": null, "ts": 1687795294.2747028}]}, "version": 477}
{"obj": {"type": "LogFloats", "path": ["monitoring", "bc04ac33", "gpu"], "values": [{"value": 38.0, "step": null, "ts": 1687795294.2747028}]}, "version": 478}
{"obj": {"type": "LogFloats", "path": ["monitoring", "bc04ac33", "gpu_memory"], "values": [{"value": 1.52044677734375, "step": null, "ts": 1687795294.2747028}]}, "version": 479}
{"obj": {"type": "LogFloats", "path": ["monitoring", "bc04ac33", "cpu"], "values": [{"value": 2.8, "step": null, "ts": 1687795304.276622}]}, "version": 480}
{"obj": {"type": "LogFloats", "path": ["monitoring", "bc04ac33", "memory"], "values": [{"value": 6.481193542480469, "step": null, "ts": 1687795304.276622}]}, "version": 481}
{"obj": {"type": "LogFloats", "path": ["monitoring", "bc04ac33", "gpu"], "values": [{"value": 40.0, "step": null, "ts": 1687795304.276622}]}, "version": 482}
{"obj": {"type": "LogFloats", "path": ["monitoring", "bc04ac33", "gpu_memory"], "values": [{"value": 1.484619140625, "step": null, "ts": 1687795304.276622}]}, "version": 483}
{"obj": {"type": "LogFloats", "path": ["monitoring", "bc04ac33", "cpu"], "values": [{"value": 2.6, "step": null, "ts": 1687795314.2794}]}, "version": 484}
{"obj": {"type": "LogFloats", "path": ["monitoring", "bc04ac33", "memory"], "values": [{"value": 6.4944915771484375, "step": null, "ts": 1687795314.2794}]}, "version": 485}
{"obj": {"type": "LogFloats", "path": ["monitoring", "bc04ac33", "gpu"], "values": [{"value": 40.0, "step": null, "ts": 1687795314.2794}]}, "version": 486}
{"obj": {"type": "LogFloats", "path": ["monitoring", "bc04ac33", "gpu_memory"], "values": [{"value": 1.484619140625, "step": null, "ts": 1687795314.2794}]}, "version": 487}
{"obj": {"type": "LogFloats", "path": ["monitoring", "bc04ac33", "cpu"], "values": [{"value": 3.3, "step": null, "ts": 1687795324.2812173}]}, "version": 488}
{"obj": {"type": "LogFloats", "path": ["monitoring", "bc04ac33", "memory"], "values": [{"value": 6.500560760498047, "step": null, "ts": 1687795324.2812173}]}, "version": 489}
{"obj": {"type": "LogFloats", "path": ["monitoring", "bc04ac33", "gpu"], "values": [{"value": 30.0, "step": null, "ts": 1687795324.2812173}]}, "version": 490}
{"obj": {"type": "LogFloats", "path": ["monitoring", "bc04ac33", "gpu_memory"], "values": [{"value": 1.60577392578125, "step": null, "ts": 1687795324.2812173}]}, "version": 491}
{"obj": {"type": "LogFloats", "path": ["monitoring", "bc04ac33", "cpu"], "values": [{"value": 4.2, "step": null, "ts": 1687795334.28317}]}, "version": 492}
{"obj": {"type": "LogFloats", "path": ["monitoring", "bc04ac33", "memory"], "values": [{"value": 6.486019134521484, "step": null, "ts": 1687795334.28317}]}, "version": 493}
{"obj": {"type": "LogFloats", "path": ["monitoring", "bc04ac33", "gpu"], "values": [{"value": 39.0, "step": null, "ts": 1687795334.28317}]}, "version": 494}
{"obj": {"type": "LogFloats", "path": ["monitoring", "bc04ac33", "gpu_memory"], "values": [{"value": 1.47686767578125, "step": null, "ts": 1687795334.28317}]}, "version": 495}
{"obj": {"type": "LogFloats", "path": ["monitoring", "bc04ac33", "cpu"], "values": [{"value": 4.9, "step": null, "ts": 1687795344.284236}]}, "version": 496}
{"obj": {"type": "LogFloats", "path": ["monitoring", "bc04ac33", "memory"], "values": [{"value": 6.509925842285156, "step": null, "ts": 1687795344.284236}]}, "version": 497}
{"obj": {"type": "LogFloats", "path": ["monitoring", "bc04ac33", "gpu"], "values": [{"value": 37.0, "step": null, "ts": 1687795344.284236}]}, "version": 498}
{"obj": {"type": "LogFloats", "path": ["monitoring", "bc04ac33", "gpu_memory"], "values": [{"value": 1.47686767578125, "step": null, "ts": 1687795344.284236}]}, "version": 499}
{"obj": {"type": "LogFloats", "path": ["monitoring", "bc04ac33", "cpu"], "values": [{"value": 5.2, "step": null, "ts": 1687795354.285734}]}, "version": 500}
{"obj": {"type": "LogFloats", "path": ["monitoring", "bc04ac33", "memory"], "values": [{"value": 6.5399932861328125, "step": null, "ts": 1687795354.285734}]}, "version": 501}
{"obj": {"type": "LogFloats", "path": ["monitoring", "bc04ac33", "gpu"], "values": [{"value": 31.0, "step": null, "ts": 1687795354.285734}]}, "version": 502}
{"obj": {"type": "LogFloats", "path": ["monitoring", "bc04ac33", "gpu_memory"], "values": [{"value": 1.47686767578125, "step": null, "ts": 1687795354.285734}]}, "version": 503}
{"obj": {"type": "LogFloats", "path": ["monitoring", "bc04ac33", "cpu"], "values": [{"value": 5.0, "step": null, "ts": 1687795364.293923}]}, "version": 504}
{"obj": {"type": "LogFloats", "path": ["monitoring", "bc04ac33", "memory"], "values": [{"value": 6.538932800292969, "step": null, "ts": 1687795364.293923}]}, "version": 505}
{"obj": {"type": "LogFloats", "path": ["monitoring", "bc04ac33", "gpu"], "values": [{"value": 29.0, "step": null, "ts": 1687795364.293923}]}, "version": 506}
{"obj": {"type": "LogFloats", "path": ["monitoring", "bc04ac33", "gpu_memory"], "values": [{"value": 1.6260986328125, "step": null, "ts": 1687795364.293923}]}, "version": 507}
{"obj": {"type": "LogFloats", "path": ["monitoring", "bc04ac33", "cpu"], "values": [{"value": 4.2, "step": null, "ts": 1687795374.2962708}]}, "version": 508}
{"obj": {"type": "LogFloats", "path": ["monitoring", "bc04ac33", "memory"], "values": [{"value": 6.545459747314453, "step": null, "ts": 1687795374.2962708}]}, "version": 509}
{"obj": {"type": "LogFloats", "path": ["monitoring", "bc04ac33", "gpu"], "values": [{"value": 6.0, "step": null, "ts": 1687795374.2962708}]}, "version": 510}
{"obj": {"type": "LogFloats", "path": ["monitoring", "bc04ac33", "gpu_memory"], "values": [{"value": 1.65185546875, "step": null, "ts": 1687795374.2962708}]}, "version": 511}
{"obj": {"type": "LogFloats", "path": ["monitoring", "bc04ac33", "cpu"], "values": [{"value": 16.4, "step": null, "ts": 1687795384.2982972}]}, "version": 512}
{"obj": {"type": "LogFloats", "path": ["monitoring", "bc04ac33", "memory"], "values": [{"value": 6.548912048339844, "step": null, "ts": 1687795384.2982972}]}, "version": 513}
{"obj": {"type": "LogFloats", "path": ["monitoring", "bc04ac33", "gpu"], "values": [{"value": 1.0, "step": null, "ts": 1687795384.2982972}]}, "version": 514}
{"obj": {"type": "LogFloats", "path": ["monitoring", "bc04ac33", "gpu_memory"], "values": [{"value": 1.64886474609375, "step": null, "ts": 1687795384.2982972}]}, "version": 515}
{"obj": {"type": "LogFloats", "path": ["monitoring", "bc04ac33", "cpu"], "values": [{"value": 4.8, "step": null, "ts": 1687795394.299407}]}, "version": 516}
{"obj": {"type": "LogFloats", "path": ["monitoring", "bc04ac33", "memory"], "values": [{"value": 6.574119567871094, "step": null, "ts": 1687795394.299407}]}, "version": 517}
{"obj": {"type": "LogFloats", "path": ["monitoring", "bc04ac33", "gpu"], "values": [{"value": 39.0, "step": null, "ts": 1687795394.299407}]}, "version": 518}
{"obj": {"type": "LogFloats", "path": ["monitoring", "bc04ac33", "gpu_memory"], "values": [{"value": 1.54876708984375, "step": null, "ts": 1687795394.299407}]}, "version": 519}
{"obj": {"type": "LogFloats", "path": ["monitoring", "bc04ac33", "cpu"], "values": [{"value": 4.9, "step": null, "ts": 1687795404.3023868}]}, "version": 520}
{"obj": {"type": "LogFloats", "path": ["monitoring", "bc04ac33", "memory"], "values": [{"value": 6.652347564697266, "step": null, "ts": 1687795404.3023868}]}, "version": 521}
{"obj": {"type": "LogFloats", "path": ["monitoring", "bc04ac33", "gpu"], "values": [{"value": 25.0, "step": null, "ts": 1687795404.3023868}]}, "version": 522}
{"obj": {"type": "LogFloats", "path": ["monitoring", "bc04ac33", "gpu_memory"], "values": [{"value": 1.54364013671875, "step": null, "ts": 1687795404.3023868}]}, "version": 523}
{"obj": {"type": "LogFloats", "path": ["monitoring", "bc04ac33", "cpu"], "values": [{"value": 3.5, "step": null, "ts": 1687795414.304377}]}, "version": 524}
{"obj": {"type": "LogFloats", "path": ["monitoring", "bc04ac33", "memory"], "values": [{"value": 6.636951446533203, "step": null, "ts": 1687795414.304377}]}, "version": 525}
{"obj": {"type": "LogFloats", "path": ["monitoring", "bc04ac33", "gpu"], "values": [{"value": 31.0, "step": null, "ts": 1687795414.304377}]}, "version": 526}
{"obj": {"type": "LogFloats", "path": ["monitoring", "bc04ac33", "gpu_memory"], "values": [{"value": 1.40594482421875, "step": null, "ts": 1687795414.304377}]}, "version": 527}
{"obj": {"type": "LogFloats", "path": ["monitoring", "bc04ac33", "cpu"], "values": [{"value": 3.9, "step": null, "ts": 1687795424.3071482}]}, "version": 528}
{"obj": {"type": "LogFloats", "path": ["monitoring", "bc04ac33", "memory"], "values": [{"value": 6.695426940917969, "step": null, "ts": 1687795424.3071482}]}, "version": 529}
{"obj": {"type": "LogFloats", "path": ["monitoring", "bc04ac33", "gpu"], "values": [{"value": 40.0, "step": null, "ts": 1687795424.3071482}]}, "version": 530}
{"obj": {"type": "LogFloats", "path": ["monitoring", "bc04ac33", "gpu_memory"], "values": [{"value": 1.41058349609375, "step": null, "ts": 1687795424.3071482}]}, "version": 531}
{"obj": {"type": "LogFloats", "path": ["monitoring", "bc04ac33", "cpu"], "values": [{"value": 3.8, "step": null, "ts": 1687795434.309603}]}, "version": 532}
{"obj": {"type": "LogFloats", "path": ["monitoring", "bc04ac33", "memory"], "values": [{"value": 6.625343322753906, "step": null, "ts": 1687795434.309603}]}, "version": 533}
{"obj": {"type": "LogFloats", "path": ["monitoring", "bc04ac33", "gpu"], "values": [{"value": 73.0, "step": null, "ts": 1687795434.309603}]}, "version": 534}
{"obj": {"type": "LogFloats", "path": ["monitoring", "bc04ac33", "gpu_memory"], "values": [{"value": 1.43487548828125, "step": null, "ts": 1687795434.309603}]}, "version": 535}
{"obj": {"type": "LogFloats", "path": ["monitoring", "bc04ac33", "cpu"], "values": [{"value": 1.9, "step": null, "ts": 1687795444.312386}]}, "version": 536}
{"obj": {"type": "LogFloats", "path": ["monitoring", "bc04ac33", "memory"], "values": [{"value": 6.627162933349609, "step": null, "ts": 1687795444.312386}]}, "version": 537}
{"obj": {"type": "LogFloats", "path": ["monitoring", "bc04ac33", "gpu"], "values": [{"value": 26.0, "step": null, "ts": 1687795444.312386}]}, "version": 538}
{"obj": {"type": "LogFloats", "path": ["monitoring", "bc04ac33", "gpu_memory"], "values": [{"value": 1.40985107421875, "step": null, "ts": 1687795444.312386}]}, "version": 539}
{"obj": {"type": "LogFloats", "path": ["monitoring", "bc04ac33", "cpu"], "values": [{"value": 2.1, "step": null, "ts": 1687795454.314956}]}, "version": 540}
{"obj": {"type": "LogFloats", "path": ["monitoring", "bc04ac33", "memory"], "values": [{"value": 6.616485595703125, "step": null, "ts": 1687795454.314956}]}, "version": 541}
{"obj": {"type": "LogFloats", "path": ["monitoring", "bc04ac33", "gpu_memory"], "values": [{"value": 1.39215087890625, "step": null, "ts": 1687795454.314956}]}, "version": 542}
{"obj": {"type": "LogFloats", "path": ["monitoring", "bc04ac33", "cpu"], "values": [{"value": 1.7, "step": null, "ts": 1687795464.317717}]}, "version": 543}
{"obj": {"type": "LogFloats", "path": ["monitoring", "bc04ac33", "memory"], "values": [{"value": 6.613426208496094, "step": null, "ts": 1687795464.317717}]}, "version": 544}
{"obj": {"type": "LogFloats", "path": ["monitoring", "bc04ac33", "gpu"], "values": [{"value": 53.0, "step": null, "ts": 1687795464.317717}]}, "version": 545}
{"obj": {"type": "LogFloats", "path": ["monitoring", "bc04ac33", "gpu_memory"], "values": [{"value": 1.39215087890625, "step": null, "ts": 1687795464.317717}]}, "version": 546}
{"obj": {"type": "LogFloats", "path": ["monitoring", "bc04ac33", "cpu"], "values": [{"value": 1.5, "step": null, "ts": 1687795474.3230183}]}, "version": 547}
{"obj": {"type": "LogFloats", "path": ["monitoring", "bc04ac33", "memory"], "values": [{"value": 6.61346435546875, "step": null, "ts": 1687795474.3230183}]}, "version": 548}
{"obj": {"type": "LogFloats", "path": ["monitoring", "bc04ac33", "gpu_memory"], "values": [{"value": 1.40203857421875, "step": null, "ts": 1687795474.3230183}]}, "version": 549}
{"obj": {"type": "LogFloats", "path": ["monitoring", "bc04ac33", "cpu"], "values": [{"value": 1.0, "step": null, "ts": 1687795484.3250253}]}, "version": 550}
{"obj": {"type": "LogFloats", "path": ["monitoring", "bc04ac33", "memory"], "values": [{"value": 6.606723785400391, "step": null, "ts": 1687795484.3250253}]}, "version": 551}
{"obj": {"type": "LogFloats", "path": ["monitoring", "bc04ac33", "gpu_memory"], "values": [{"value": 1.37847900390625, "step": null, "ts": 1687795484.3250253}]}, "version": 552}
{"obj": {"type": "LogFloats", "path": ["monitoring", "bc04ac33", "cpu"], "values": [{"value": 3.1, "step": null, "ts": 1687795494.335235}]}, "version": 553}
{"obj": {"type": "LogFloats", "path": ["monitoring", "bc04ac33", "memory"], "values": [{"value": 6.718891143798828, "step": null, "ts": 1687795494.335235}]}, "version": 554}
{"obj": {"type": "LogFloats", "path": ["monitoring", "bc04ac33", "gpu_memory"], "values": [{"value": 1.402099609375, "step": null, "ts": 1687795494.335235}]}, "version": 555}
{"obj": {"type": "LogFloats", "path": ["monitoring", "bc04ac33", "cpu"], "values": [{"value": 4.0, "step": null, "ts": 1687795504.336399}]}, "version": 556}
{"obj": {"type": "LogFloats", "path": ["monitoring", "bc04ac33", "memory"], "values": [{"value": 6.633720397949219, "step": null, "ts": 1687795504.336399}]}, "version": 557}
{"obj": {"type": "LogFloats", "path": ["monitoring", "bc04ac33", "gpu"], "values": [{"value": 14.0, "step": null, "ts": 1687795504.336399}]}, "version": 558}
{"obj": {"type": "LogFloats", "path": ["monitoring", "bc04ac33", "gpu_memory"], "values": [{"value": 1.46051025390625, "step": null, "ts": 1687795504.336399}]}, "version": 559}
{"obj": {"type": "LogFloats", "path": ["monitoring", "bc04ac33", "cpu"], "values": [{"value": 4.6, "step": null, "ts": 1687795514.3396966}]}, "version": 560}
{"obj": {"type": "LogFloats", "path": ["monitoring", "bc04ac33", "memory"], "values": [{"value": 6.662017822265625, "step": null, "ts": 1687795514.3396966}]}, "version": 561}
{"obj": {"type": "LogFloats", "path": ["monitoring", "bc04ac33", "gpu_memory"], "values": [{"value": 1.4283447265625, "step": null, "ts": 1687795514.3396966}]}, "version": 562}
{"obj": {"type": "LogFloats", "path": ["monitoring", "bc04ac33", "cpu"], "values": [{"value": 2.4, "step": null, "ts": 1687795524.3416}]}, "version": 563}
{"obj": {"type": "LogFloats", "path": ["monitoring", "bc04ac33", "memory"], "values": [{"value": 6.618534088134766, "step": null, "ts": 1687795524.3416}]}, "version": 564}
{"obj": {"type": "LogFloats", "path": ["monitoring", "bc04ac33", "gpu"], "values": [{"value": 29.0, "step": null, "ts": 1687795524.3416}]}, "version": 565}
{"obj": {"type": "LogFloats", "path": ["monitoring", "bc04ac33", "gpu_memory"], "values": [{"value": 1.432373046875, "step": null, "ts": 1687795524.3416}]}, "version": 566}
{"obj": {"type": "LogFloats", "path": ["monitoring", "bc04ac33", "cpu"], "values": [{"value": 2.9, "step": null, "ts": 1687795534.3437662}]}, "version": 567}
{"obj": {"type": "LogFloats", "path": ["monitoring", "bc04ac33", "memory"], "values": [{"value": 6.614620208740234, "step": null, "ts": 1687795534.3437662}]}, "version": 568}
{"obj": {"type": "LogFloats", "path": ["monitoring", "bc04ac33", "gpu"], "values": [{"value": 92.0, "step": null, "ts": 1687795534.3437662}]}, "version": 569}
{"obj": {"type": "LogFloats", "path": ["monitoring", "bc04ac33", "gpu_memory"], "values": [{"value": 1.432373046875, "step": null, "ts": 1687795534.3437662}]}, "version": 570}
{"obj": {"type": "LogFloats", "path": ["monitoring", "bc04ac33", "cpu"], "values": [{"value": 5.3, "step": null, "ts": 1687795544.346391}]}, "version": 571}
{"obj": {"type": "LogFloats", "path": ["monitoring", "bc04ac33", "memory"], "values": [{"value": 6.6995849609375, "step": null, "ts": 1687795544.346391}]}, "version": 572}
{"obj": {"type": "LogFloats", "path": ["monitoring", "bc04ac33", "gpu_memory"], "values": [{"value": 1.42645263671875, "step": null, "ts": 1687795544.346391}]}, "version": 573}
{"obj": {"type": "LogFloats", "path": ["monitoring", "bc04ac33", "cpu"], "values": [{"value": 3.1, "step": null, "ts": 1687795554.349082}]}, "version": 574}
{"obj": {"type": "LogFloats", "path": ["monitoring", "bc04ac33", "memory"], "values": [{"value": 6.629676818847656, "step": null, "ts": 1687795554.349082}]}, "version": 575}
{"obj": {"type": "LogFloats", "path": ["monitoring", "bc04ac33", "gpu"], "values": [{"value": 43.0, "step": null, "ts": 1687795554.349082}]}, "version": 576}
{"obj": {"type": "LogFloats", "path": ["monitoring", "bc04ac33", "gpu_memory"], "values": [{"value": 1.4510498046875, "step": null, "ts": 1687795554.349082}]}, "version": 577}
{"obj": {"type": "LogFloats", "path": ["monitoring", "bc04ac33", "cpu"], "values": [{"value": 1.3, "step": null, "ts": 1687795564.351773}]}, "version": 578}
{"obj": {"type": "LogFloats", "path": ["monitoring", "bc04ac33", "memory"], "values": [{"value": 6.618999481201172, "step": null, "ts": 1687795564.351773}]}, "version": 579}
{"obj": {"type": "LogFloats", "path": ["monitoring", "bc04ac33", "gpu"], "values": [{"value": 37.0, "step": null, "ts": 1687795564.351773}]}, "version": 580}
{"obj": {"type": "LogFloats", "path": ["monitoring", "bc04ac33", "gpu_memory"], "values": [{"value": 1.3929443359375, "step": null, "ts": 1687795564.351773}]}, "version": 581}
{"obj": {"type": "LogFloats", "path": ["monitoring", "bc04ac33", "cpu"], "values": [{"value": 2.5, "step": null, "ts": 1687795574.3546107}]}, "version": 582}
{"obj": {"type": "LogFloats", "path": ["monitoring", "bc04ac33", "memory"], "values": [{"value": 6.629871368408203, "step": null, "ts": 1687795574.3546107}]}, "version": 583}
{"obj": {"type": "LogFloats", "path": ["monitoring", "bc04ac33", "gpu"], "values": [{"value": 25.0, "step": null, "ts": 1687795574.3546107}]}, "version": 584}
{"obj": {"type": "LogFloats", "path": ["monitoring", "bc04ac33", "gpu_memory"], "values": [{"value": 1.41064453125, "step": null, "ts": 1687795574.3546107}]}, "version": 585}
{"obj": {"type": "LogFloats", "path": ["monitoring", "bc04ac33", "cpu"], "values": [{"value": 2.7, "step": null, "ts": 1687795584.3566492}]}, "version": 586}
{"obj": {"type": "LogFloats", "path": ["monitoring", "bc04ac33", "memory"], "values": [{"value": 6.668003082275391, "step": null, "ts": 1687795584.3566492}]}, "version": 587}
{"obj": {"type": "LogFloats", "path": ["monitoring", "bc04ac33", "gpu"], "values": [{"value": 19.0, "step": null, "ts": 1687795584.3566492}]}, "version": 588}
{"obj": {"type": "LogFloats", "path": ["monitoring", "bc04ac33", "gpu_memory"], "values": [{"value": 1.41461181640625, "step": null, "ts": 1687795584.3566492}]}, "version": 589}
{"obj": {"type": "LogFloats", "path": ["monitoring", "bc04ac33", "cpu"], "values": [{"value": 3.5, "step": null, "ts": 1687795594.3588247}]}, "version": 590}
{"obj": {"type": "LogFloats", "path": ["monitoring", "bc04ac33", "memory"], "values": [{"value": 6.6297149658203125, "step": null, "ts": 1687795594.3588247}]}, "version": 591}
{"obj": {"type": "LogFloats", "path": ["monitoring", "bc04ac33", "gpu"], "values": [{"value": 28.0, "step": null, "ts": 1687795594.3588247}]}, "version": 592}
{"obj": {"type": "LogFloats", "path": ["monitoring", "bc04ac33", "gpu_memory"], "values": [{"value": 1.4185791015625, "step": null, "ts": 1687795594.3588247}]}, "version": 593}
