{"obj": {"type": "AssignString", "path": ["sys", "name"], "value": "Untitled"}, "version": 1}
{"obj": {"type": "AssignString", "path": ["sys", "description"], "value": ""}, "version": 2}
{"obj": {"type": "AssignString", "path": ["monitoring", "bc04ac33", "hostname"], "value": "hicham-AERO-5-KE"}, "version": 3}
{"obj": {"type": "AssignString", "path": ["sys", "hostname"], "value": "hicham-AERO-5-KE"}, "version": 4}
{"obj": {"type": "AssignString", "path": ["monitoring", "bc04ac33", "pid"], "value": "383259"}, "version": 5}
{"obj": {"type": "AssignString", "path": ["monitoring", "bc04ac33", "tid"], "value": "140451241648128"}, "version": 6}
{"obj": {"type": "AssignBool", "path": ["sys", "failed"], "value": false}, "version": 7}
{"obj": {"type": "ConfigFloatSeries", "path": ["monitoring", "bc04ac33", "cpu"], "min": 0.0, "max": 100.0, "unit": "%"}, "version": 8}
{"obj": {"type": "ClearFloatLog", "path": ["monitoring", "bc04ac33", "cpu"]}, "version": 9}
{"obj": {"type": "ConfigFloatSeries", "path": ["monitoring", "bc04ac33", "memory"], "min": 0.0, "max": 15.355945587158203, "unit": "GB"}, "version": 10}
{"obj": {"type": "ClearFloatLog", "path": ["monitoring", "bc04ac33", "memory"]}, "version": 11}
{"obj": {"type": "ConfigFloatSeries", "path": ["monitoring", "bc04ac33", "gpu"], "min": 0.0, "max": 100.0, "unit": "%"}, "version": 12}
{"obj": {"type": "ClearFloatLog", "path": ["monitoring", "bc04ac33", "gpu"]}, "version": 13}
{"obj": {"type": "ConfigFloatSeries", "path": ["monitoring", "bc04ac33", "gpu_memory"], "min": 0.0, "max": 6.0, "unit": "GB"}, "version": 14}
{"obj": {"type": "ClearFloatLog", "path": ["monitoring", "bc04ac33", "gpu_memory"]}, "version": 15}
{"obj": {"type": "LogFloats", "path": ["monitoring", "bc04ac33", "cpu"], "values": [{"value": 3.9, "step": null, "ts": 1687795364.4377897}]}, "version": 16}
{"obj": {"type": "LogFloats", "path": ["monitoring", "bc04ac33", "memory"], "values": [{"value": 6.539600372314453, "step": null, "ts": 1687795364.4377897}]}, "version": 17}
{"obj": {"type": "LogFloats", "path": ["monitoring", "bc04ac33", "gpu"], "values": [{"value": 29.0, "step": null, "ts": 1687795364.4377897}]}, "version": 18}
{"obj": {"type": "LogFloats", "path": ["monitoring", "bc04ac33", "gpu_memory"], "values": [{"value": 1.6260986328125, "step": null, "ts": 1687795364.4377897}]}, "version": 19}
{"obj": {"type": "AssignString", "path": ["source_code", "integrations", "neptune-optuna"], "value": "1.1.0"}, "version": 20}
{"obj": {"type": "LogFloats", "path": ["monitoring", "bc04ac33", "cpu"], "values": [{"value": 3.7, "step": null, "ts": 1687795374.4434035}]}, "version": 21}
{"obj": {"type": "LogFloats", "path": ["monitoring", "bc04ac33", "memory"], "values": [{"value": 6.545459747314453, "step": null, "ts": 1687795374.4434035}]}, "version": 22}
{"obj": {"type": "LogFloats", "path": ["monitoring", "bc04ac33", "gpu"], "values": [{"value": 6.0, "step": null, "ts": 1687795374.4434035}]}, "version": 23}
{"obj": {"type": "LogFloats", "path": ["monitoring", "bc04ac33", "gpu_memory"], "values": [{"value": 1.65185546875, "step": null, "ts": 1687795374.4434035}]}, "version": 24}
{"obj": {"type": "AssignDatetime", "path": ["trials", "trials", "1", "datetime_start"], "value": 1687795375814}, "version": 25}
{"obj": {"type": "AssignDatetime", "path": ["trials", "trials", "1", "datetime_complete"], "value": 1687795380353}, "version": 26}
{"obj": {"type": "AssignString", "path": ["trials", "trials", "1", "duration"], "value": "0:00:04.538583"}, "version": 27}
{"obj": {"type": "AssignString", "path": ["trials", "trials", "1", "distributions", "max_depth"], "value": "IntDistribution(high=20, log=False, low=10, step=1)"}, "version": 28}
{"obj": {"type": "AssignString", "path": ["trials", "trials", "1", "distributions", "n_estimators"], "value": "IntDistribution(high=100, log=False, low=50, step=1)"}, "version": 29}
{"obj": {"type": "AssignInt", "path": ["trials", "trials", "1", "params", "max_depth"], "value": 14}, "version": 30}
{"obj": {"type": "AssignInt", "path": ["trials", "trials", "1", "params", "n_estimators"], "value": 89}, "version": 31}
{"obj": {"type": "AssignFloat", "path": ["trials", "trials", "1", "value"], "value": 5.953919305235383}, "version": 32}
{"obj": {"type": "LogFloats", "path": ["monitoring", "bc04ac33", "cpu"], "values": [{"value": 1.0, "step": null, "ts": 1687795384.4453874}]}, "version": 33}
{"obj": {"type": "LogFloats", "path": ["monitoring", "bc04ac33", "memory"], "values": [{"value": 6.548881530761719, "step": null, "ts": 1687795384.4453874}]}, "version": 34}
{"obj": {"type": "LogFloats", "path": ["monitoring", "bc04ac33", "gpu"], "values": [{"value": 1.0, "step": null, "ts": 1687795384.4453874}]}, "version": 35}
{"obj": {"type": "LogFloats", "path": ["monitoring", "bc04ac33", "gpu_memory"], "values": [{"value": 1.64886474609375, "step": null, "ts": 1687795384.4453874}]}, "version": 36}
{"obj": {"type": "LogFloats", "path": ["monitoring", "bc04ac33", "cpu"], "values": [{"value": 3.7, "step": null, "ts": 1687795394.4475207}]}, "version": 37}
{"obj": {"type": "LogFloats", "path": ["monitoring", "bc04ac33", "memory"], "values": [{"value": 6.5746002197265625, "step": null, "ts": 1687795394.4475207}]}, "version": 38}
{"obj": {"type": "LogFloats", "path": ["monitoring", "bc04ac33", "gpu"], "values": [{"value": 39.0, "step": null, "ts": 1687795394.4475207}]}, "version": 39}
{"obj": {"type": "LogFloats", "path": ["monitoring", "bc04ac33", "gpu_memory"], "values": [{"value": 1.53277587890625, "step": null, "ts": 1687795394.4475207}]}, "version": 40}
{"obj": {"type": "LogFloats", "path": ["monitoring", "bc04ac33", "cpu"], "values": [{"value": 5.8, "step": null, "ts": 1687795404.4495974}]}, "version": 41}
{"obj": {"type": "LogFloats", "path": ["monitoring", "bc04ac33", "memory"], "values": [{"value": 6.650981903076172, "step": null, "ts": 1687795404.4495974}]}, "version": 42}
{"obj": {"type": "LogFloats", "path": ["monitoring", "bc04ac33", "gpu"], "values": [{"value": 25.0, "step": null, "ts": 1687795404.4495974}]}, "version": 43}
{"obj": {"type": "LogFloats", "path": ["monitoring", "bc04ac33", "gpu_memory"], "values": [{"value": 1.54364013671875, "step": null, "ts": 1687795404.4495974}]}, "version": 44}
{"obj": {"type": "LogFloats", "path": ["monitoring", "bc04ac33", "cpu"], "values": [{"value": 1.7, "step": null, "ts": 1687795414.4518702}]}, "version": 45}
{"obj": {"type": "LogFloats", "path": ["monitoring", "bc04ac33", "memory"], "values": [{"value": 6.636951446533203, "step": null, "ts": 1687795414.4518702}]}, "version": 46}
{"obj": {"type": "LogFloats", "path": ["monitoring", "bc04ac33", "gpu"], "values": [{"value": 31.0, "step": null, "ts": 1687795414.4518702}]}, "version": 47}
{"obj": {"type": "LogFloats", "path": ["monitoring", "bc04ac33", "gpu_memory"], "values": [{"value": 1.39422607421875, "step": null, "ts": 1687795414.4518702}]}, "version": 48}
{"obj": {"type": "LogFloats", "path": ["monitoring", "bc04ac33", "cpu"], "values": [{"value": 7.2, "step": null, "ts": 1687795424.4543936}]}, "version": 49}
{"obj": {"type": "LogFloats", "path": ["monitoring", "bc04ac33", "memory"], "values": [{"value": 6.686302185058594, "step": null, "ts": 1687795424.4543936}]}, "version": 50}
{"obj": {"type": "LogFloats", "path": ["monitoring", "bc04ac33", "gpu"], "values": [{"value": 40.0, "step": null, "ts": 1687795424.4543936}]}, "version": 51}
{"obj": {"type": "LogFloats", "path": ["monitoring", "bc04ac33", "gpu_memory"], "values": [{"value": 1.41058349609375, "step": null, "ts": 1687795424.4543936}]}, "version": 52}
{"obj": {"type": "LogFloats", "path": ["monitoring", "bc04ac33", "cpu"], "values": [{"value": 3.7, "step": null, "ts": 1687795434.457224}]}, "version": 53}
{"obj": {"type": "LogFloats", "path": ["monitoring", "bc04ac33", "memory"], "values": [{"value": 6.6284942626953125, "step": null, "ts": 1687795434.457224}]}, "version": 54}
{"obj": {"type": "LogFloats", "path": ["monitoring", "bc04ac33", "gpu"], "values": [{"value": 16.0, "step": null, "ts": 1687795434.457224}]}, "version": 55}
{"obj": {"type": "LogFloats", "path": ["monitoring", "bc04ac33", "gpu_memory"], "values": [{"value": 1.43487548828125, "step": null, "ts": 1687795434.457224}]}, "version": 56}
{"obj": {"type": "LogFloats", "path": ["monitoring", "bc04ac33", "cpu"], "values": [{"value": 1.7, "step": null, "ts": 1687795444.4590683}]}, "version": 57}
{"obj": {"type": "LogFloats", "path": ["monitoring", "bc04ac33", "memory"], "values": [{"value": 6.627162933349609, "step": null, "ts": 1687795444.4590683}]}, "version": 58}
{"obj": {"type": "LogFloats", "path": ["monitoring", "bc04ac33", "gpu"], "values": [{"value": 23.0, "step": null, "ts": 1687795444.4590683}]}, "version": 59}
{"obj": {"type": "LogFloats", "path": ["monitoring", "bc04ac33", "gpu_memory"], "values": [{"value": 1.40985107421875, "step": null, "ts": 1687795444.4590683}]}, "version": 60}
{"obj": {"type": "LogFloats", "path": ["monitoring", "bc04ac33", "cpu"], "values": [{"value": 5.9, "step": null, "ts": 1687795454.4613867}]}, "version": 61}
{"obj": {"type": "LogFloats", "path": ["monitoring", "bc04ac33", "memory"], "values": [{"value": 6.6166839599609375, "step": null, "ts": 1687795454.4613867}]}, "version": 62}
{"obj": {"type": "LogFloats", "path": ["monitoring", "bc04ac33", "gpu"], "values": [{"value": 87.0, "step": null, "ts": 1687795454.4613867}]}, "version": 63}
{"obj": {"type": "LogFloats", "path": ["monitoring", "bc04ac33", "gpu_memory"], "values": [{"value": 1.39215087890625, "step": null, "ts": 1687795454.4613867}]}, "version": 64}
{"obj": {"type": "LogFloats", "path": ["monitoring", "bc04ac33", "cpu"], "values": [{"value": 0.6, "step": null, "ts": 1687795464.4915009}]}, "version": 65}
{"obj": {"type": "LogFloats", "path": ["monitoring", "bc04ac33", "memory"], "values": [{"value": 6.613426208496094, "step": null, "ts": 1687795464.4915009}]}, "version": 66}
{"obj": {"type": "LogFloats", "path": ["monitoring", "bc04ac33", "gpu"], "values": [{"value": 52.0, "step": null, "ts": 1687795464.4915009}]}, "version": 67}
{"obj": {"type": "LogFloats", "path": ["monitoring", "bc04ac33", "gpu_memory"], "values": [{"value": 1.39215087890625, "step": null, "ts": 1687795464.4915009}]}, "version": 68}
{"obj": {"type": "LogFloats", "path": ["monitoring", "bc04ac33", "cpu"], "values": [{"value": 0.9, "step": null, "ts": 1687795474.494023}]}, "version": 69}
{"obj": {"type": "LogFloats", "path": ["monitoring", "bc04ac33", "memory"], "values": [{"value": 6.61346435546875, "step": null, "ts": 1687795474.494023}]}, "version": 70}
{"obj": {"type": "LogFloats", "path": ["monitoring", "bc04ac33", "gpu_memory"], "values": [{"value": 1.40203857421875, "step": null, "ts": 1687795474.494023}]}, "version": 71}
{"obj": {"type": "LogFloats", "path": ["monitoring", "bc04ac33", "cpu"], "values": [{"value": 1.4, "step": null, "ts": 1687795484.4973514}]}, "version": 72}
{"obj": {"type": "LogFloats", "path": ["monitoring", "bc04ac33", "memory"], "values": [{"value": 6.606719970703125, "step": null, "ts": 1687795484.4973514}]}, "version": 73}
{"obj": {"type": "LogFloats", "path": ["monitoring", "bc04ac33", "gpu"], "values": [{"value": 10.0, "step": null, "ts": 1687795484.4973514}]}, "version": 74}
{"obj": {"type": "LogFloats", "path": ["monitoring", "bc04ac33", "gpu_memory"], "values": [{"value": 1.37847900390625, "step": null, "ts": 1687795484.4973514}]}, "version": 75}
{"obj": {"type": "LogFloats", "path": ["monitoring", "bc04ac33", "cpu"], "values": [{"value": 6.1, "step": null, "ts": 1687795494.5000844}]}, "version": 76}
{"obj": {"type": "LogFloats", "path": ["monitoring", "bc04ac33", "memory"], "values": [{"value": 6.709705352783203, "step": null, "ts": 1687795494.5000844}]}, "version": 77}
{"obj": {"type": "LogFloats", "path": ["monitoring", "bc04ac33", "gpu"], "values": [{"value": 10.0, "step": null, "ts": 1687795494.5000844}]}, "version": 78}
{"obj": {"type": "LogFloats", "path": ["monitoring", "bc04ac33", "gpu_memory"], "values": [{"value": 1.402099609375, "step": null, "ts": 1687795494.5000844}]}, "version": 79}
{"obj": {"type": "LogFloats", "path": ["monitoring", "bc04ac33", "cpu"], "values": [{"value": 2.1, "step": null, "ts": 1687795504.5015488}]}, "version": 80}
{"obj": {"type": "LogFloats", "path": ["monitoring", "bc04ac33", "memory"], "values": [{"value": 6.634441375732422, "step": null, "ts": 1687795504.5015488}]}, "version": 81}
{"obj": {"type": "LogFloats", "path": ["monitoring", "bc04ac33", "gpu"], "values": [{"value": 8.0, "step": null, "ts": 1687795504.5015488}]}, "version": 82}
{"obj": {"type": "LogFloats", "path": ["monitoring", "bc04ac33", "gpu_memory"], "values": [{"value": 1.46051025390625, "step": null, "ts": 1687795504.5015488}]}, "version": 83}
{"obj": {"type": "LogFloats", "path": ["monitoring", "bc04ac33", "cpu"], "values": [{"value": 1.5, "step": null, "ts": 1687795514.504512}]}, "version": 84}
{"obj": {"type": "LogFloats", "path": ["monitoring", "bc04ac33", "memory"], "values": [{"value": 6.646282196044922, "step": null, "ts": 1687795514.504512}]}, "version": 85}
{"obj": {"type": "LogFloats", "path": ["monitoring", "bc04ac33", "gpu"], "values": [{"value": 7.0, "step": null, "ts": 1687795514.504512}]}, "version": 86}
{"obj": {"type": "LogFloats", "path": ["monitoring", "bc04ac33", "gpu_memory"], "values": [{"value": 1.4283447265625, "step": null, "ts": 1687795514.504512}]}, "version": 87}
{"obj": {"type": "LogFloats", "path": ["monitoring", "bc04ac33", "cpu"], "values": [{"value": 4.3, "step": null, "ts": 1687795524.5066214}]}, "version": 88}
{"obj": {"type": "LogFloats", "path": ["monitoring", "bc04ac33", "memory"], "values": [{"value": 6.619640350341797, "step": null, "ts": 1687795524.5066214}]}, "version": 89}
{"obj": {"type": "LogFloats", "path": ["monitoring", "bc04ac33", "gpu"], "values": [{"value": 21.0, "step": null, "ts": 1687795524.5066214}]}, "version": 90}
{"obj": {"type": "LogFloats", "path": ["monitoring", "bc04ac33", "gpu_memory"], "values": [{"value": 1.432373046875, "step": null, "ts": 1687795524.5066214}]}, "version": 91}
{"obj": {"type": "LogFloats", "path": ["monitoring", "bc04ac33", "cpu"], "values": [{"value": 1.5, "step": null, "ts": 1687795534.5087643}]}, "version": 92}
{"obj": {"type": "LogFloats", "path": ["monitoring", "bc04ac33", "memory"], "values": [{"value": 6.615821838378906, "step": null, "ts": 1687795534.5087643}]}, "version": 93}
{"obj": {"type": "LogFloats", "path": ["monitoring", "bc04ac33", "gpu"], "values": [{"value": 7.0, "step": null, "ts": 1687795534.5087643}]}, "version": 94}
{"obj": {"type": "LogFloats", "path": ["monitoring", "bc04ac33", "gpu_memory"], "values": [{"value": 1.432373046875, "step": null, "ts": 1687795534.5087643}]}, "version": 95}
{"obj": {"type": "LogFloats", "path": ["monitoring", "bc04ac33", "cpu"], "values": [{"value": 13.9, "step": null, "ts": 1687795544.5117748}]}, "version": 96}
{"obj": {"type": "LogFloats", "path": ["monitoring", "bc04ac33", "memory"], "values": [{"value": 6.691001892089844, "step": null, "ts": 1687795544.5117748}]}, "version": 97}
{"obj": {"type": "LogFloats", "path": ["monitoring", "bc04ac33", "gpu"], "values": [{"value": 40.0, "step": null, "ts": 1687795544.5117748}]}, "version": 98}
{"obj": {"type": "LogFloats", "path": ["monitoring", "bc04ac33", "gpu_memory"], "values": [{"value": 1.42645263671875, "step": null, "ts": 1687795544.5117748}]}, "version": 99}
{"obj": {"type": "LogFloats", "path": ["monitoring", "bc04ac33", "cpu"], "values": [{"value": 1.2, "step": null, "ts": 1687795554.5160315}]}, "version": 100}
{"obj": {"type": "LogFloats", "path": ["monitoring", "bc04ac33", "memory"], "values": [{"value": 6.629676818847656, "step": null, "ts": 1687795554.5160315}]}, "version": 101}
{"obj": {"type": "LogFloats", "path": ["monitoring", "bc04ac33", "gpu"], "values": [{"value": 12.0, "step": null, "ts": 1687795554.5160315}]}, "version": 102}
{"obj": {"type": "LogFloats", "path": ["monitoring", "bc04ac33", "gpu_memory"], "values": [{"value": 1.4354248046875, "step": null, "ts": 1687795554.5160315}]}, "version": 103}
{"obj": {"type": "LogFloats", "path": ["monitoring", "bc04ac33", "cpu"], "values": [{"value": 3.0, "step": null, "ts": 1687795564.5186422}]}, "version": 104}
{"obj": {"type": "LogFloats", "path": ["monitoring", "bc04ac33", "memory"], "values": [{"value": 6.618751525878906, "step": null, "ts": 1687795564.5186422}]}, "version": 105}
{"obj": {"type": "LogFloats", "path": ["monitoring", "bc04ac33", "gpu"], "values": [{"value": 65.0, "step": null, "ts": 1687795564.5186422}]}, "version": 106}
{"obj": {"type": "LogFloats", "path": ["monitoring", "bc04ac33", "gpu_memory"], "values": [{"value": 1.3929443359375, "step": null, "ts": 1687795564.5186422}]}, "version": 107}
{"obj": {"type": "LogFloats", "path": ["monitoring", "bc04ac33", "cpu"], "values": [{"value": 6.7, "step": null, "ts": 1687795574.5209177}]}, "version": 108}
{"obj": {"type": "LogFloats", "path": ["monitoring", "bc04ac33", "memory"], "values": [{"value": 6.636959075927734, "step": null, "ts": 1687795574.5209177}]}, "version": 109}
{"obj": {"type": "LogFloats", "path": ["monitoring", "bc04ac33", "gpu"], "values": [{"value": 15.0, "step": null, "ts": 1687795574.5209177}]}, "version": 110}
{"obj": {"type": "LogFloats", "path": ["monitoring", "bc04ac33", "gpu_memory"], "values": [{"value": 1.4385986328125, "step": null, "ts": 1687795574.5209177}]}, "version": 111}
{"obj": {"type": "LogFloats", "path": ["monitoring", "bc04ac33", "cpu"], "values": [{"value": 2.1, "step": null, "ts": 1687795584.5228763}]}, "version": 112}
{"obj": {"type": "LogFloats", "path": ["monitoring", "bc04ac33", "memory"], "values": [{"value": 6.668201446533203, "step": null, "ts": 1687795584.5228763}]}, "version": 113}
{"obj": {"type": "LogFloats", "path": ["monitoring", "bc04ac33", "gpu"], "values": [{"value": 20.0, "step": null, "ts": 1687795584.5228763}]}, "version": 114}
{"obj": {"type": "LogFloats", "path": ["monitoring", "bc04ac33", "gpu_memory"], "values": [{"value": 1.41461181640625, "step": null, "ts": 1687795584.5228763}]}, "version": 115}
{"obj": {"type": "LogFloats", "path": ["monitoring", "bc04ac33", "cpu"], "values": [{"value": 6.1, "step": null, "ts": 1687795594.5249248}]}, "version": 116}
{"obj": {"type": "LogFloats", "path": ["monitoring", "bc04ac33", "memory"], "values": [{"value": 6.645362854003906, "step": null, "ts": 1687795594.5249248}]}, "version": 117}
{"obj": {"type": "LogFloats", "path": ["monitoring", "bc04ac33", "gpu"], "values": [{"value": 27.0, "step": null, "ts": 1687795594.5249248}]}, "version": 118}
{"obj": {"type": "LogFloats", "path": ["monitoring", "bc04ac33", "gpu_memory"], "values": [{"value": 1.59307861328125, "step": null, "ts": 1687795594.5249248}]}, "version": 119}
